#-----------------------------------------------------------
# Vivado v2016.2 (64-bit)
# SW Build 1577090 on Thu Jun  2 16:32:40 MDT 2016
# IP Build 1577682 on Fri Jun  3 12:00:54 MDT 2016
# Start of session at: Wed Nov 30 17:28:32 2016
# Process ID: 7248
# Current directory: C:/Teaching_Materials/CEE-325 Fall 2016/Source/stepper/Stepper_Motor_Full_Step
# Command line: vivado.exe -gui_launcher_event rodinguilauncherevent7856 C:\Teaching_Materials\CEE-325 Fall 2016\Source\stepper\Stepper_Motor_Full_Step\Stepper_Motor_Full_Step.xpr
# Log file: C:/Teaching_Materials/CEE-325 Fall 2016/Source/stepper/Stepper_Motor_Full_Step/vivado.log
# Journal file: C:/Teaching_Materials/CEE-325 Fall 2016/Source/stepper/Stepper_Motor_Full_Step\vivado.jou
#-----------------------------------------------------------
start_gui
open_project {C:/Teaching_Materials/CEE-325 Fall 2016/Source/stepper/Stepper_Motor_Full_Step/Stepper_Motor_Full_Step.xpr}
Scanning sources...
Finished scanning sources
INFO: [IP_Flow 19-234] Refreshing IP repositories
INFO: [IP_Flow 19-1704] No user IP repositories specified
INFO: [IP_Flow 19-2313] Loaded Vivado IP repository 'C:/Xilinx/Vivado/2016.2/data/ip'.
open_project: Time (s): cpu = 00:00:14 ; elapsed = 00:00:06 . Memory (MB): peak = 778.488 ; gain = 144.426
update_compile_order -fileset sources_1
exit
INFO: [Common 17-206] Exiting Vivado at Wed Nov 30 17:35:59 2016...
