#-----------------------------------------------------------
# Vivado v2017.2 (64-bit)
# SW Build 1909853 on Thu Jun 15 18:39:09 MDT 2017
# IP Build 1909766 on Thu Jun 15 19:58:00 MDT 2017
# Start of session at: Sun Nov  5 22:36:18 2017
# Process ID: 8144
# Current directory: C:/Teaching_Materials/CEE-325 Fall 2017/Source/stepper/Stepper_Motor_Full_Step
# Command line: vivado.exe -gui_launcher_event rodinguilauncherevent10596 C:\Teaching_Materials\CEE-325 Fall 2017\Source\stepper\Stepper_Motor_Full_Step\Stepper_Motor_Full_Step.xpr
# Log file: C:/Teaching_Materials/CEE-325 Fall 2017/Source/stepper/Stepper_Motor_Full_Step/vivado.log
# Journal file: C:/Teaching_Materials/CEE-325 Fall 2017/Source/stepper/Stepper_Motor_Full_Step\vivado.jou
#-----------------------------------------------------------
start_gui
open_project {C:/Teaching_Materials/CEE-325 Fall 2017/Source/stepper/Stepper_Motor_Full_Step/Stepper_Motor_Full_Step.xpr}
INFO: [Project 1-313] Project file moved from 'C:/Teaching_Materials/CEE-325 Fall 2016/Source/stepper/Stepper_Motor_Full_Step' since last save.
Scanning sources...
Finished scanning sources
INFO: [Project 1-230] Project 'Stepper_Motor_Full_Step.xpr' upgraded for this version of Vivado.
INFO: [IP_Flow 19-234] Refreshing IP repositories
INFO: [IP_Flow 19-1704] No user IP repositories specified
INFO: [IP_Flow 19-2313] Loaded Vivado IP repository 'C:/Xilinx/Vivado/2017.2/data/ip'.
update_compile_order -fileset sources_1
exit
INFO: [Common 17-206] Exiting Vivado at Sun Nov  5 23:23:49 2017...
