#-----------------------------------------------------------
# Vivado v2018.2 (64-bit)
# SW Build 2258646 on Thu Jun 14 20:03:12 MDT 2018
# IP Build 2256618 on Thu Jun 14 22:10:49 MDT 2018
# Start of session at: Tue Nov  6 15:41:35 2018
# Process ID: 12744
# Current directory: C:/Teaching_Materials/CEE-325 Fall 2018/Source/stepper/D2L/Stepper_Motor_Full_Step
# Command line: vivado.exe -gui_launcher_event rodinguilauncherevent1300 C:\Teaching_Materials\CEE-325 Fall 2018\Source\stepper\D2L\Stepper_Motor_Full_Step\Stepper_Motor_Full_Step.xpr
# Log file: C:/Teaching_Materials/CEE-325 Fall 2018/Source/stepper/D2L/Stepper_Motor_Full_Step/vivado.log
# Journal file: C:/Teaching_Materials/CEE-325 Fall 2018/Source/stepper/D2L/Stepper_Motor_Full_Step\vivado.jou
#-----------------------------------------------------------
start_gui
open_project {C:/Teaching_Materials/CEE-325 Fall 2018/Source/stepper/D2L/Stepper_Motor_Full_Step/Stepper_Motor_Full_Step.xpr}
INFO: [ProjectBase 1-489] The host OS only allows 260 characters in a normal path. The project is stored in a path with more than 80 characters. If you experience issues with IP, Block Designs, or files not being found, please consider moving the project to a location with a shorter path. Alternately consider using the OS subst command to map part of the path to a drive letter.
Current project path is 'C:/Teaching_Materials/CEE-325 Fall 2018/Source/stepper/D2L/Stepper_Motor_Full_Step'
INFO: [Project 1-313] Project file moved from 'C:/Teaching_Materials/CEE-325 Fall 2018/Source/stepper/Stepper_Motor_Full_Step' since last save.
Scanning sources...
Finished scanning sources
INFO: [IP_Flow 19-234] Refreshing IP repositories
INFO: [IP_Flow 19-1704] No user IP repositories specified
INFO: [IP_Flow 19-2313] Loaded Vivado IP repository 'C:/Xilinx/Vivado/2018.2/data/ip'.
open_project: Time (s): cpu = 00:00:15 ; elapsed = 00:00:08 . Memory (MB): peak = 837.352 ; gain = 132.055
update_compile_order -fileset sources_1
update_compile_order -fileset sources_1
set_property source_mgmt_mode DisplayOnly [current_project]
exit
INFO: [Common 17-206] Exiting Vivado at Tue Nov  6 16:23:16 2018...
