
*** Running vivado
    with args -log pmod_step_interface.vds -m64 -product Vivado -mode batch -messageDb vivado.pb -notrace -source pmod_step_interface.tcl


****** Vivado v2018.2.1 (64-bit)
  **** SW Build 2288692 on Thu Jul 26 18:23:50 MDT 2018
  **** IP Build 2289599 on Thu Jul 26 21:09:20 MDT 2018
    ** Copyright 1986-2018 Xilinx, Inc. All Rights Reserved.

source pmod_step_interface.tcl -notrace
Command: synth_design -top pmod_step_interface -part xc7a35tcpg236-1
Starting synth_design
Attempting to get a license for feature 'Synthesis' and/or device 'xc7a35t'
INFO: [Common 17-349] Got license for feature 'Synthesis' and/or device 'xc7a35t'
INFO: Launching helper process for spawning children vivado processes
INFO: Helper process launched with PID 10087 
---------------------------------------------------------------------------------
Starting RTL Elaboration : Time (s): cpu = 00:00:03 ; elapsed = 00:00:04 . Memory (MB): peak = 1422.727 ; gain = 68.855 ; free physical = 2993 ; free virtual = 21418
---------------------------------------------------------------------------------
INFO: [Synth 8-6157] synthesizing module 'pmod_step_interface' [/home/exposedbuckle48/Documents/Semester_5/DSD/Lab_11/Stepper_Motor_Full_Step/pmod_step_interface.v:26]
INFO: [Synth 8-6157] synthesizing module 'clock_div' [/home/exposedbuckle48/Documents/Semester_5/DSD/Lab_11/Stepper_Motor_Full_Step/clock_div.v:25]
	Parameter define_speed bound to: 26'b00010011000100101101000000 
INFO: [Synth 8-6155] done synthesizing module 'clock_div' (1#1) [/home/exposedbuckle48/Documents/Semester_5/DSD/Lab_11/Stepper_Motor_Full_Step/clock_div.v:25]
INFO: [Synth 8-6157] synthesizing module 'pmod_step_driver' [/home/exposedbuckle48/Documents/Semester_5/DSD/Lab_11/Stepper_Motor_Full_Step/pmod_step_driver.v:1]
	Parameter sig4 bound to: 3'b001 
	Parameter sig3 bound to: 3'b011 
	Parameter sig2 bound to: 3'b010 
	Parameter sig1 bound to: 3'b110 
	Parameter sig0 bound to: 3'b000 
INFO: [Synth 8-6155] done synthesizing module 'pmod_step_driver' (2#1) [/home/exposedbuckle48/Documents/Semester_5/DSD/Lab_11/Stepper_Motor_Full_Step/pmod_step_driver.v:1]
INFO: [Synth 8-6155] done synthesizing module 'pmod_step_interface' (3#1) [/home/exposedbuckle48/Documents/Semester_5/DSD/Lab_11/Stepper_Motor_Full_Step/pmod_step_interface.v:26]
---------------------------------------------------------------------------------
Finished RTL Elaboration : Time (s): cpu = 00:00:03 ; elapsed = 00:00:05 . Memory (MB): peak = 1467.352 ; gain = 113.480 ; free physical = 3006 ; free virtual = 21425
---------------------------------------------------------------------------------

Report Check Netlist: 
+------+------------------+-------+---------+-------+------------------+
|      |Item              |Errors |Warnings |Status |Description       |
+------+------------------+-------+---------+-------+------------------+
|1     |multi_driven_nets |      0|        0|Passed |Multi driven nets |
+------+------------------+-------+---------+-------+------------------+
---------------------------------------------------------------------------------
Start Handling Custom Attributes
---------------------------------------------------------------------------------
---------------------------------------------------------------------------------
Finished Handling Custom Attributes : Time (s): cpu = 00:00:04 ; elapsed = 00:00:05 . Memory (MB): peak = 1467.352 ; gain = 113.480 ; free physical = 3005 ; free virtual = 21425
---------------------------------------------------------------------------------
---------------------------------------------------------------------------------
Finished RTL Optimization Phase 1 : Time (s): cpu = 00:00:04 ; elapsed = 00:00:05 . Memory (MB): peak = 1467.352 ; gain = 113.480 ; free physical = 3005 ; free virtual = 21425
---------------------------------------------------------------------------------
INFO: [Device 21-403] Loading part xc7a35tcpg236-1
INFO: [Project 1-570] Preparing netlist for logic optimization

Processing XDC Constraints
Initializing timing engine
Parsing XDC File [/home/exposedbuckle48/Documents/Semester_5/DSD/Lab_11/Stepper_Motor_Full_Step/claw_constraints.xdc]
Finished Parsing XDC File [/home/exposedbuckle48/Documents/Semester_5/DSD/Lab_11/Stepper_Motor_Full_Step/claw_constraints.xdc]
INFO: [Project 1-236] Implementation specific constraints were found while reading constraint file [/home/exposedbuckle48/Documents/Semester_5/DSD/Lab_11/Stepper_Motor_Full_Step/claw_constraints.xdc]. These constraints will be ignored for synthesis but will be used in implementation. Impacted constraints are listed in the file [.Xil/pmod_step_interface_propImpl.xdc].
Resolution: To avoid this warning, move constraints listed in [.Xil/pmod_step_interface_propImpl.xdc] to another XDC file and exclude this new file from synthesis with the used_in_synthesis property (File Properties dialog in GUI) and re-run elaboration/synthesis.
Completed Processing XDC Constraints

INFO: [Project 1-111] Unisim Transformation Summary:
No Unisim elements were transformed.

Constraint Validation Runtime : Time (s): cpu = 00:00:00 ; elapsed = 00:00:00 . Memory (MB): peak = 1766.219 ; gain = 0.000 ; free physical = 2702 ; free virtual = 21153
---------------------------------------------------------------------------------
Finished Constraint Validation : Time (s): cpu = 00:00:13 ; elapsed = 00:00:25 . Memory (MB): peak = 1766.219 ; gain = 412.348 ; free physical = 2770 ; free virtual = 21221
---------------------------------------------------------------------------------
---------------------------------------------------------------------------------
Start Loading Part and Timing Information
---------------------------------------------------------------------------------
Loading part: xc7a35tcpg236-1
---------------------------------------------------------------------------------
Finished Loading Part and Timing Information : Time (s): cpu = 00:00:13 ; elapsed = 00:00:25 . Memory (MB): peak = 1766.219 ; gain = 412.348 ; free physical = 2770 ; free virtual = 21221
---------------------------------------------------------------------------------
---------------------------------------------------------------------------------
Start Applying 'set_property' XDC Constraints
---------------------------------------------------------------------------------
---------------------------------------------------------------------------------
Finished applying 'set_property' XDC Constraints : Time (s): cpu = 00:00:13 ; elapsed = 00:00:25 . Memory (MB): peak = 1766.219 ; gain = 412.348 ; free physical = 2771 ; free virtual = 21222
---------------------------------------------------------------------------------
INFO: [Synth 8-5545] ROM "new_clk" won't be mapped to RAM because address size (26) is larger than maximum supported(25)
INFO: [Synth 8-802] inferred FSM for state register 'present_state_reg' in module 'pmod_step_driver'
INFO: [Synth 8-5544] ROM "signal" won't be mapped to Block RAM because address size (3) smaller than threshold (5)
INFO: [Synth 8-5544] ROM "next_state" won't be mapped to Block RAM because address size (1) smaller than threshold (5)
INFO: [Synth 8-5544] ROM "next_state" won't be mapped to Block RAM because address size (1) smaller than threshold (5)
INFO: [Synth 8-5544] ROM "next_state" won't be mapped to Block RAM because address size (1) smaller than threshold (5)
---------------------------------------------------------------------------------------------------
                   State |                     New Encoding |                Previous Encoding 
---------------------------------------------------------------------------------------------------
                    sig0 |                              000 |                              000
                    sig1 |                              001 |                              110
                    sig2 |                              010 |                              010
                    sig3 |                              011 |                              011
                    sig4 |                              100 |                              001
---------------------------------------------------------------------------------------------------
INFO: [Synth 8-3354] encoded FSM with state register 'present_state_reg' using encoding 'sequential' in module 'pmod_step_driver'
---------------------------------------------------------------------------------
Finished RTL Optimization Phase 2 : Time (s): cpu = 00:00:13 ; elapsed = 00:00:25 . Memory (MB): peak = 1766.219 ; gain = 412.348 ; free physical = 2760 ; free virtual = 21212
---------------------------------------------------------------------------------

Report RTL Partitions: 
+-+--------------+------------+----------+
| |RTL Partition |Replication |Instances |
+-+--------------+------------+----------+
+-+--------------+------------+----------+
---------------------------------------------------------------------------------
Start RTL Component Statistics 
---------------------------------------------------------------------------------
Detailed RTL Component Info : 
+---Adders : 
	   2 Input     26 Bit       Adders := 1     
+---Registers : 
	               26 Bit    Registers := 1     
	                4 Bit    Registers := 1     
	                1 Bit    Registers := 1     
+---Muxes : 
	   2 Input     26 Bit        Muxes := 1     
	   2 Input      4 Bit        Muxes := 1     
	   2 Input      3 Bit        Muxes := 10    
	   5 Input      3 Bit        Muxes := 1     
	   2 Input      2 Bit        Muxes := 1     
	   2 Input      1 Bit        Muxes := 2     
---------------------------------------------------------------------------------
Finished RTL Component Statistics 
---------------------------------------------------------------------------------
---------------------------------------------------------------------------------
Start RTL Hierarchical Component Statistics 
---------------------------------------------------------------------------------
Hierarchical RTL Component report 
Module clock_div 
Detailed RTL Component Info : 
+---Adders : 
	   2 Input     26 Bit       Adders := 1     
+---Registers : 
	               26 Bit    Registers := 1     
	                1 Bit    Registers := 1     
+---Muxes : 
	   2 Input     26 Bit        Muxes := 1     
	   2 Input      1 Bit        Muxes := 1     
Module pmod_step_driver 
Detailed RTL Component Info : 
+---Registers : 
	                4 Bit    Registers := 1     
+---Muxes : 
	   2 Input      4 Bit        Muxes := 1     
	   2 Input      3 Bit        Muxes := 10    
	   5 Input      3 Bit        Muxes := 1     
	   2 Input      2 Bit        Muxes := 1     
	   2 Input      1 Bit        Muxes := 1     
---------------------------------------------------------------------------------
Finished RTL Hierarchical Component Statistics
---------------------------------------------------------------------------------
---------------------------------------------------------------------------------
Start Part Resource Summary
---------------------------------------------------------------------------------
Part Resources:
DSPs: 90 (col length:60)
BRAMs: 100 (col length: RAMB18 60 RAMB36 30)
---------------------------------------------------------------------------------
Finished Part Resource Summary
---------------------------------------------------------------------------------
---------------------------------------------------------------------------------
Start Cross Boundary and Area Optimization
---------------------------------------------------------------------------------
Warning: Parallel synthesis criteria is not met 
INFO: [Synth 8-5545] ROM "clock_Div/new_clk" won't be mapped to RAM because address size (26) is larger than maximum supported(25)
---------------------------------------------------------------------------------
Finished Cross Boundary and Area Optimization : Time (s): cpu = 00:00:14 ; elapsed = 00:00:25 . Memory (MB): peak = 1766.219 ; gain = 412.348 ; free physical = 2748 ; free virtual = 21203
---------------------------------------------------------------------------------

Report RTL Partitions: 
+-+--------------+------------+----------+
| |RTL Partition |Replication |Instances |
+-+--------------+------------+----------+
+-+--------------+------------+----------+
---------------------------------------------------------------------------------
Start Applying XDC Timing Constraints
---------------------------------------------------------------------------------
---------------------------------------------------------------------------------
Finished Applying XDC Timing Constraints : Time (s): cpu = 00:00:20 ; elapsed = 00:00:34 . Memory (MB): peak = 1766.219 ; gain = 412.348 ; free physical = 2657 ; free virtual = 21096
---------------------------------------------------------------------------------
---------------------------------------------------------------------------------
Start Timing Optimization
---------------------------------------------------------------------------------
---------------------------------------------------------------------------------
Finished Timing Optimization : Time (s): cpu = 00:00:20 ; elapsed = 00:00:34 . Memory (MB): peak = 1766.219 ; gain = 412.348 ; free physical = 2657 ; free virtual = 21096
---------------------------------------------------------------------------------

Report RTL Partitions: 
+-+--------------+------------+----------+
| |RTL Partition |Replication |Instances |
+-+--------------+------------+----------+
+-+--------------+------------+----------+
---------------------------------------------------------------------------------
Start Technology Mapping
---------------------------------------------------------------------------------
---------------------------------------------------------------------------------
Finished Technology Mapping : Time (s): cpu = 00:00:20 ; elapsed = 00:00:34 . Memory (MB): peak = 1774.227 ; gain = 420.355 ; free physical = 2656 ; free virtual = 21095
---------------------------------------------------------------------------------

Report RTL Partitions: 
+-+--------------+------------+----------+
| |RTL Partition |Replication |Instances |
+-+--------------+------------+----------+
+-+--------------+------------+----------+
---------------------------------------------------------------------------------
Start IO Insertion
---------------------------------------------------------------------------------
---------------------------------------------------------------------------------
Start Flattening Before IO Insertion
---------------------------------------------------------------------------------
---------------------------------------------------------------------------------
Finished Flattening Before IO Insertion
---------------------------------------------------------------------------------
---------------------------------------------------------------------------------
Start Final Netlist Cleanup
---------------------------------------------------------------------------------
---------------------------------------------------------------------------------
Finished Final Netlist Cleanup
---------------------------------------------------------------------------------
---------------------------------------------------------------------------------
Finished IO Insertion : Time (s): cpu = 00:00:20 ; elapsed = 00:00:35 . Memory (MB): peak = 1774.227 ; gain = 420.355 ; free physical = 2656 ; free virtual = 21095
---------------------------------------------------------------------------------

Report Check Netlist: 
+------+------------------+-------+---------+-------+------------------+
|      |Item              |Errors |Warnings |Status |Description       |
+------+------------------+-------+---------+-------+------------------+
|1     |multi_driven_nets |      0|        0|Passed |Multi driven nets |
+------+------------------+-------+---------+-------+------------------+
---------------------------------------------------------------------------------
Start Renaming Generated Instances
---------------------------------------------------------------------------------
---------------------------------------------------------------------------------
Finished Renaming Generated Instances : Time (s): cpu = 00:00:20 ; elapsed = 00:00:35 . Memory (MB): peak = 1774.227 ; gain = 420.355 ; free physical = 2656 ; free virtual = 21095
---------------------------------------------------------------------------------

Report RTL Partitions: 
+-+--------------+------------+----------+
| |RTL Partition |Replication |Instances |
+-+--------------+------------+----------+
+-+--------------+------------+----------+
---------------------------------------------------------------------------------
Start Rebuilding User Hierarchy
---------------------------------------------------------------------------------
---------------------------------------------------------------------------------
Finished Rebuilding User Hierarchy : Time (s): cpu = 00:00:20 ; elapsed = 00:00:35 . Memory (MB): peak = 1774.227 ; gain = 420.355 ; free physical = 2656 ; free virtual = 21095
---------------------------------------------------------------------------------
---------------------------------------------------------------------------------
Start Renaming Generated Ports
---------------------------------------------------------------------------------
---------------------------------------------------------------------------------
Finished Renaming Generated Ports : Time (s): cpu = 00:00:20 ; elapsed = 00:00:35 . Memory (MB): peak = 1774.227 ; gain = 420.355 ; free physical = 2656 ; free virtual = 21095
---------------------------------------------------------------------------------
---------------------------------------------------------------------------------
Start Handling Custom Attributes
---------------------------------------------------------------------------------
---------------------------------------------------------------------------------
Finished Handling Custom Attributes : Time (s): cpu = 00:00:20 ; elapsed = 00:00:35 . Memory (MB): peak = 1774.227 ; gain = 420.355 ; free physical = 2656 ; free virtual = 21095
---------------------------------------------------------------------------------
---------------------------------------------------------------------------------
Start Renaming Generated Nets
---------------------------------------------------------------------------------
---------------------------------------------------------------------------------
Finished Renaming Generated Nets : Time (s): cpu = 00:00:20 ; elapsed = 00:00:35 . Memory (MB): peak = 1774.227 ; gain = 420.355 ; free physical = 2656 ; free virtual = 21095
---------------------------------------------------------------------------------
---------------------------------------------------------------------------------
Start Writing Synthesis Report
---------------------------------------------------------------------------------

Report BlackBoxes: 
+-+--------------+----------+
| |BlackBox name |Instances |
+-+--------------+----------+
+-+--------------+----------+

Report Cell Usage: 
+------+-------+------+
|      |Cell   |Count |
+------+-------+------+
|1     |BUFG   |     1|
|2     |CARRY4 |     7|
|3     |LUT2   |     1|
|4     |LUT3   |    31|
|5     |LUT4   |     5|
|6     |LUT5   |     3|
|7     |LUT6   |     1|
|8     |FDCE   |    30|
|9     |FDRE   |     4|
|10    |IBUF   |     4|
|11    |OBUF   |     4|
+------+-------+------+

Report Instance Areas: 
+------+------------+-----------------+------+
|      |Instance    |Module           |Cells |
+------+------------+-----------------+------+
|1     |top         |                 |    91|
|2     |  clock_Div |clock_div        |    68|
|3     |  control   |pmod_step_driver |    14|
+------+------------+-----------------+------+
---------------------------------------------------------------------------------
Finished Writing Synthesis Report : Time (s): cpu = 00:00:20 ; elapsed = 00:00:35 . Memory (MB): peak = 1774.227 ; gain = 420.355 ; free physical = 2656 ; free virtual = 21095
---------------------------------------------------------------------------------
Synthesis finished with 0 errors, 0 critical warnings and 0 warnings.
Synthesis Optimization Runtime : Time (s): cpu = 00:00:13 ; elapsed = 00:00:17 . Memory (MB): peak = 1774.227 ; gain = 121.488 ; free physical = 2711 ; free virtual = 21150
Synthesis Optimization Complete : Time (s): cpu = 00:00:20 ; elapsed = 00:00:35 . Memory (MB): peak = 1774.234 ; gain = 420.355 ; free physical = 2711 ; free virtual = 21150
INFO: [Project 1-571] Translating synthesized netlist
INFO: [Netlist 29-17] Analyzing 11 Unisim elements for replacement
INFO: [Netlist 29-28] Unisim Transformation completed in 0 CPU seconds
INFO: [Project 1-570] Preparing netlist for logic optimization
INFO: [Opt 31-138] Pushed 0 inverter(s) to 0 load pin(s).
INFO: [Project 1-111] Unisim Transformation Summary:
No Unisim elements were transformed.

INFO: [Common 17-83] Releasing license: Synthesis
26 Infos, 0 Warnings, 0 Critical Warnings and 0 Errors encountered.
synth_design completed successfully
synth_design: Time (s): cpu = 00:00:22 ; elapsed = 00:00:36 . Memory (MB): peak = 1774.234 ; gain = 420.508 ; free physical = 2708 ; free virtual = 21148
WARNING: [Constraints 18-5210] No constraint will be written out.
INFO: [Common 17-1381] The checkpoint '/home/exposedbuckle48/Documents/Semester_5/DSD/Lab_11/Stepper_Motor_Full_Step/Stepper_Motor_Full_Step.runs/synth_1/pmod_step_interface.dcp' has been generated.
INFO: [runtcl-4] Executing : report_utilization -file pmod_step_interface_utilization_synth.rpt -pb pmod_step_interface_utilization_synth.pb
report_utilization: Time (s): cpu = 00:00:00.03 ; elapsed = 00:00:00.06 . Memory (MB): peak = 1798.238 ; gain = 0.000 ; free physical = 2705 ; free virtual = 21146
INFO: [Common 17-206] Exiting Vivado at Thu Nov  8 15:45:32 2018...
