#-----------------------------------------------------------
# Vivado v2018.2 (64-bit)
# SW Build 2258646 on Thu Jun 14 20:03:12 MDT 2018
# IP Build 2256618 on Thu Jun 14 22:10:49 MDT 2018
# Start of session at: Sat Oct 27 16:39:41 2018
# Process ID: 9532
# Current directory: C:/XADC
# Command line: vivado.exe -gui_launcher_event rodinguilauncherevent1260 C:\XADC\Basys-3-XADC.xpr
# Log file: C:/XADC/vivado.log
# Journal file: C:/XADC\vivado.jou
#-----------------------------------------------------------
start_gui
open_project C:/XADC/Basys-3-XADC.xpr
Scanning sources...
Finished scanning sources
WARNING: [filemgmt 56-3] IP Repository Path: Could not find the directory 'C:/../../repo'.
INFO: [IP_Flow 19-234] Refreshing IP repositories
WARNING: [IP_Flow 19-2248] Failed to load user IP repository 'c:/XADC/repo'; Can't find the specified path.
If this directory should no longer be in your list of user repositories, go to the IP Settings dialog and remove it.
INFO: [IP_Flow 19-2313] Loaded Vivado IP repository 'C:/Xilinx/Vivado/2018.2/data/ip'.
open_project: Time (s): cpu = 00:00:18 ; elapsed = 00:00:09 . Memory (MB): peak = 838.371 ; gain = 141.402
update_compile_order -fileset sources_1
INFO: [Device 21-403] Loading part xc7a35tcpg236-1
create_ip -name xadc_wiz -vendor xilinx.com -library ip -version 3.3 -module_name xadc_wiz_1 -dir c:/XADC/Basys-3-XADC.srcs/sources_1/ip
set_property -dict [list CONFIG.XADC_STARUP_SELECTION {channel_sequencer} CONFIG.OT_ALARM {false} CONFIG.USER_TEMP_ALARM {false} CONFIG.VCCINT_ALARM {false} CONFIG.VCCAUX_ALARM {false} CONFIG.CHANNEL_ENABLE_VP_VN {false} CONFIG.CHANNEL_ENABLE_VAUXP5_VAUXN5 {false} CONFIG.CHANNEL_ENABLE_VAUXP6_VAUXN6 {true} CONFIG.CHANNEL_ENABLE_VAUXP7_VAUXN7 {true} CONFIG.CHANNEL_ENABLE_VAUXP14_VAUXN14 {true} CONFIG.CHANNEL_ENABLE_VAUXP15_VAUXN15 {true} CONFIG.SEQUENCER_MODE {Continuous} CONFIG.EXTERNAL_MUX_CHANNEL {VP_VN} CONFIG.SINGLE_CHANNEL_SELECTION {TEMPERATURE}] [get_ips xadc_wiz_1]
generate_target {instantiation_template} [get_files c:/XADC/Basys-3-XADC.srcs/sources_1/ip/xadc_wiz_1/xadc_wiz_1.xci]
INFO: [IP_Flow 19-1686] Generating 'Instantiation Template' target for IP 'xadc_wiz_1'...
update_compile_order -fileset sources_1
generate_target all [get_files  c:/XADC/Basys-3-XADC.srcs/sources_1/ip/xadc_wiz_1/xadc_wiz_1.xci]
INFO: [IP_Flow 19-1686] Generating 'Synthesis' target for IP 'xadc_wiz_1'...
INFO: [IP_Flow 19-1686] Generating 'Simulation' target for IP 'xadc_wiz_1'...
INFO: [IP_Flow 19-1686] Generating 'Miscellaneous' target for IP 'xadc_wiz_1'...
INFO: [IP_Flow 19-1686] Generating 'Change Log' target for IP 'xadc_wiz_1'...
catch { config_ip_cache -export [get_ips -all xadc_wiz_1] }
export_ip_user_files -of_objects [get_files c:/XADC/Basys-3-XADC.srcs/sources_1/ip/xadc_wiz_1/xadc_wiz_1.xci] -no_script -sync -force -quiet
create_ip_run [get_files -of_objects [get_fileset sources_1] c:/XADC/Basys-3-XADC.srcs/sources_1/ip/xadc_wiz_1/xadc_wiz_1.xci]
launch_runs -jobs 2 xadc_wiz_1_synth_1
[Sat Oct 27 16:42:30 2018] Launched xadc_wiz_1_synth_1...
Run output will be captured here: C:/XADC/Basys-3-XADC.runs/xadc_wiz_1_synth_1/runme.log
export_simulation -of_objects [get_files c:/XADC/Basys-3-XADC.srcs/sources_1/ip/xadc_wiz_1/xadc_wiz_1.xci] -directory C:/XADC/Basys-3-XADC.ip_user_files/sim_scripts -ip_user_files_dir C:/XADC/Basys-3-XADC.ip_user_files -ipstatic_source_dir C:/XADC/Basys-3-XADC.ip_user_files/ipstatic -lib_map_path [list {modelsim=C:/XADC/Basys-3-XADC.cache/compile_simlib/modelsim} {questa=C:/XADC/Basys-3-XADC.cache/compile_simlib/questa} {riviera=C:/XADC/Basys-3-XADC.cache/compile_simlib/riviera} {activehdl=C:/XADC/Basys-3-XADC.cache/compile_simlib/activehdl}] -use_ip_compiled_libs -force -quiet
reset_run synth_1
WARNING: [Vivado 12-1017] Problems encountered:
1. Failed to delete one or more files in run directory C:/XADC/Basys-3-XADC.runs/synth_1

launch_runs impl_1 -to_step write_bitstream -jobs 2
[Sat Oct 27 16:43:24 2018] Launched xadc_wiz_1_synth_1, synth_1...
Run output will be captured here:
xadc_wiz_1_synth_1: C:/XADC/Basys-3-XADC.runs/xadc_wiz_1_synth_1/runme.log
synth_1: C:/XADC/Basys-3-XADC.runs/synth_1/runme.log
[Sat Oct 27 16:43:24 2018] Launched impl_1...
Run output will be captured here: C:/XADC/Basys-3-XADC.runs/impl_1/runme.log
exit
INFO: [Common 17-206] Exiting Vivado at Sat Oct 27 18:44:11 2018...
