#-----------------------------------------------------------
# Vivado v2018.2 (64-bit)
# SW Build 2258646 on Thu Jun 14 20:03:12 MDT 2018
# IP Build 2256618 on Thu Jun 14 22:10:49 MDT 2018
# Start of session at: Sat Oct 27 22:32:25 2018
# Process ID: 12952
# Current directory: C:/Teaching_Materials/CEE-325 Fall 2018/Source/Basys-3-XADC/D2L/XADC
# Command line: vivado.exe -gui_launcher_event rodinguilauncherevent6180 C:\Teaching_Materials\CEE-325 Fall 2018\Source\Basys-3-XADC\D2L\XADC\Basys-3-XADC.xpr
# Log file: C:/Teaching_Materials/CEE-325 Fall 2018/Source/Basys-3-XADC/D2L/XADC/vivado.log
# Journal file: C:/Teaching_Materials/CEE-325 Fall 2018/Source/Basys-3-XADC/D2L/XADC\vivado.jou
#-----------------------------------------------------------
start_gui
open_project {C:/Teaching_Materials/CEE-325 Fall 2018/Source/Basys-3-XADC/D2L/XADC/Basys-3-XADC.xpr}
INFO: [Project 1-313] Project file moved from 'C:/XADC' since last save.
Scanning sources...
Finished scanning sources
WARNING: [filemgmt 56-2] IP Repository Path: Could not find the directory 'C:/Teaching_Materials/CEE-325 Fall 2018/Source/repo', nor could it be found using path 'C:/../../repo'.
INFO: [IP_Flow 19-234] Refreshing IP repositories
WARNING: [IP_Flow 19-2248] Failed to load user IP repository 'c:/Teaching_Materials/CEE-325 Fall 2018/Source/repo'; Can't find the specified path.
If this directory should no longer be in your list of user repositories, go to the IP Settings dialog and remove it.
INFO: [IP_Flow 19-2313] Loaded Vivado IP repository 'C:/Xilinx/Vivado/2018.2/data/ip'.
open_project: Time (s): cpu = 00:00:15 ; elapsed = 00:00:07 . Memory (MB): peak = 836.523 ; gain = 146.305
update_compile_order -fileset sources_1
exit
INFO: [Common 17-206] Exiting Vivado at Sat Oct 27 23:17:22 2018...
