
*** Running vivado
    with args -log Double_Digit_Counter.vds -m64 -product Vivado -mode batch -messageDb vivado.pb -notrace -source Double_Digit_Counter.tcl


****** Vivado v2018.2.1 (64-bit)
  **** SW Build 2288692 on Thu Jul 26 18:23:50 MDT 2018
  **** IP Build 2289599 on Thu Jul 26 21:09:20 MDT 2018
    ** Copyright 1986-2018 Xilinx, Inc. All Rights Reserved.

source Double_Digit_Counter.tcl -notrace
Command: synth_design -top Double_Digit_Counter -part xc7a35tcpg236-1
Starting synth_design
Attempting to get a license for feature 'Synthesis' and/or device 'xc7a35t'
INFO: [Common 17-349] Got license for feature 'Synthesis' and/or device 'xc7a35t'
INFO: Launching helper process for spawning children vivado processes
INFO: Helper process launched with PID 15376 
---------------------------------------------------------------------------------
Starting RTL Elaboration : Time (s): cpu = 00:00:02 ; elapsed = 00:00:02 . Memory (MB): peak = 1438.816 ; gain = 68.875 ; free physical = 999 ; free virtual = 19712
---------------------------------------------------------------------------------
INFO: [Synth 8-6157] synthesizing module 'Double_Digit_Counter' [/home/exposedbuckle48/Documents/Semester_5/DSD/Lab_4/Double_Digit_LED/Double_Digit_LED.srcs/sources_1/new/Double_Digit_Counter.v:23]
INFO: [Synth 8-6155] done synthesizing module 'Double_Digit_Counter' (1#1) [/home/exposedbuckle48/Documents/Semester_5/DSD/Lab_4/Double_Digit_LED/Double_Digit_LED.srcs/sources_1/new/Double_Digit_Counter.v:23]
---------------------------------------------------------------------------------
Finished RTL Elaboration : Time (s): cpu = 00:00:02 ; elapsed = 00:00:03 . Memory (MB): peak = 1483.441 ; gain = 113.500 ; free physical = 1012 ; free virtual = 19726
---------------------------------------------------------------------------------

Report Check Netlist: 
+------+------------------+-------+---------+-------+------------------+
|      |Item              |Errors |Warnings |Status |Description       |
+------+------------------+-------+---------+-------+------------------+
|1     |multi_driven_nets |      0|        0|Passed |Multi driven nets |
+------+------------------+-------+---------+-------+------------------+
---------------------------------------------------------------------------------
Start Handling Custom Attributes
---------------------------------------------------------------------------------
---------------------------------------------------------------------------------
Finished Handling Custom Attributes : Time (s): cpu = 00:00:03 ; elapsed = 00:00:03 . Memory (MB): peak = 1483.441 ; gain = 113.500 ; free physical = 1011 ; free virtual = 19725
---------------------------------------------------------------------------------
---------------------------------------------------------------------------------
Finished RTL Optimization Phase 1 : Time (s): cpu = 00:00:03 ; elapsed = 00:00:03 . Memory (MB): peak = 1483.441 ; gain = 113.500 ; free physical = 1011 ; free virtual = 19725
---------------------------------------------------------------------------------
INFO: [Device 21-403] Loading part xc7a35tcpg236-1
INFO: [Project 1-570] Preparing netlist for logic optimization

Processing XDC Constraints
Initializing timing engine
Parsing XDC File [/home/exposedbuckle48/Documents/Semester_5/DSD/Lab_4/Double_Digit_LED/Basys3_Master.xdc]
Finished Parsing XDC File [/home/exposedbuckle48/Documents/Semester_5/DSD/Lab_4/Double_Digit_LED/Basys3_Master.xdc]
INFO: [Project 1-236] Implementation specific constraints were found while reading constraint file [/home/exposedbuckle48/Documents/Semester_5/DSD/Lab_4/Double_Digit_LED/Basys3_Master.xdc]. These constraints will be ignored for synthesis but will be used in implementation. Impacted constraints are listed in the file [.Xil/Double_Digit_Counter_propImpl.xdc].
Resolution: To avoid this warning, move constraints listed in [.Xil/Double_Digit_Counter_propImpl.xdc] to another XDC file and exclude this new file from synthesis with the used_in_synthesis property (File Properties dialog in GUI) and re-run elaboration/synthesis.
Completed Processing XDC Constraints

INFO: [Project 1-111] Unisim Transformation Summary:
No Unisim elements were transformed.

Constraint Validation Runtime : Time (s): cpu = 00:00:00 ; elapsed = 00:00:00 . Memory (MB): peak = 1782.309 ; gain = 0.000 ; free physical = 784 ; free virtual = 19498
---------------------------------------------------------------------------------
Finished Constraint Validation : Time (s): cpu = 00:00:11 ; elapsed = 00:00:20 . Memory (MB): peak = 1782.309 ; gain = 412.367 ; free physical = 840 ; free virtual = 19554
---------------------------------------------------------------------------------
---------------------------------------------------------------------------------
Start Loading Part and Timing Information
---------------------------------------------------------------------------------
Loading part: xc7a35tcpg236-1
---------------------------------------------------------------------------------
Finished Loading Part and Timing Information : Time (s): cpu = 00:00:11 ; elapsed = 00:00:20 . Memory (MB): peak = 1782.309 ; gain = 412.367 ; free physical = 840 ; free virtual = 19554
---------------------------------------------------------------------------------
---------------------------------------------------------------------------------
Start Applying 'set_property' XDC Constraints
---------------------------------------------------------------------------------
---------------------------------------------------------------------------------
Finished applying 'set_property' XDC Constraints : Time (s): cpu = 00:00:11 ; elapsed = 00:00:20 . Memory (MB): peak = 1782.309 ; gain = 412.367 ; free physical = 842 ; free virtual = 19556
---------------------------------------------------------------------------------
INFO: [Synth 8-5544] ROM "BCD" won't be mapped to Block RAM because address size (4) smaller than threshold (5)
---------------------------------------------------------------------------------
Finished RTL Optimization Phase 2 : Time (s): cpu = 00:00:11 ; elapsed = 00:00:21 . Memory (MB): peak = 1782.309 ; gain = 412.367 ; free physical = 832 ; free virtual = 19546
---------------------------------------------------------------------------------

Report RTL Partitions: 
+-+--------------+------------+----------+
| |RTL Partition |Replication |Instances |
+-+--------------+------------+----------+
+-+--------------+------------+----------+
---------------------------------------------------------------------------------
Start RTL Component Statistics 
---------------------------------------------------------------------------------
Detailed RTL Component Info : 
+---Adders : 
	   2 Input      4 Bit       Adders := 3     
+---Registers : 
	                8 Bit    Registers := 1     
	                4 Bit    Registers := 2     
+---Muxes : 
	   2 Input      8 Bit        Muxes := 4     
	   2 Input      4 Bit        Muxes := 1     
---------------------------------------------------------------------------------
Finished RTL Component Statistics 
---------------------------------------------------------------------------------
---------------------------------------------------------------------------------
Start RTL Hierarchical Component Statistics 
---------------------------------------------------------------------------------
Hierarchical RTL Component report 
Module Double_Digit_Counter 
Detailed RTL Component Info : 
+---Adders : 
	   2 Input      4 Bit       Adders := 3     
+---Registers : 
	                8 Bit    Registers := 1     
	                4 Bit    Registers := 2     
+---Muxes : 
	   2 Input      8 Bit        Muxes := 4     
	   2 Input      4 Bit        Muxes := 1     
---------------------------------------------------------------------------------
Finished RTL Hierarchical Component Statistics
---------------------------------------------------------------------------------
---------------------------------------------------------------------------------
Start Part Resource Summary
---------------------------------------------------------------------------------
Part Resources:
DSPs: 90 (col length:60)
BRAMs: 100 (col length: RAMB18 60 RAMB36 30)
---------------------------------------------------------------------------------
Finished Part Resource Summary
---------------------------------------------------------------------------------
---------------------------------------------------------------------------------
Start Cross Boundary and Area Optimization
---------------------------------------------------------------------------------
Warning: Parallel synthesis criteria is not met 
INFO: [Synth 8-5544] ROM "BCD" won't be mapped to Block RAM because address size (4) smaller than threshold (5)
INFO: [Synth 8-3886] merging instance 'ENABLE_reg[3]' (FDP_1) to 'ENABLE_reg[4]'
INFO: [Synth 8-3333] propagating constant 1 across sequential element (\ENABLE_reg[4] )
WARNING: [Synth 8-3332] Sequential element (ENABLE_reg[4]) is unused and will be removed from module Double_Digit_Counter.
---------------------------------------------------------------------------------
Finished Cross Boundary and Area Optimization : Time (s): cpu = 00:00:11 ; elapsed = 00:00:21 . Memory (MB): peak = 1782.309 ; gain = 412.367 ; free physical = 820 ; free virtual = 19536
---------------------------------------------------------------------------------

Report RTL Partitions: 
+-+--------------+------------+----------+
| |RTL Partition |Replication |Instances |
+-+--------------+------------+----------+
+-+--------------+------------+----------+
---------------------------------------------------------------------------------
Start Applying XDC Timing Constraints
---------------------------------------------------------------------------------
---------------------------------------------------------------------------------
Finished Applying XDC Timing Constraints : Time (s): cpu = 00:00:17 ; elapsed = 00:00:29 . Memory (MB): peak = 1782.309 ; gain = 412.367 ; free physical = 696 ; free virtual = 19411
---------------------------------------------------------------------------------
---------------------------------------------------------------------------------
Start Timing Optimization
---------------------------------------------------------------------------------
---------------------------------------------------------------------------------
Finished Timing Optimization : Time (s): cpu = 00:00:17 ; elapsed = 00:00:29 . Memory (MB): peak = 1782.309 ; gain = 412.367 ; free physical = 696 ; free virtual = 19411
---------------------------------------------------------------------------------

Report RTL Partitions: 
+-+--------------+------------+----------+
| |RTL Partition |Replication |Instances |
+-+--------------+------------+----------+
+-+--------------+------------+----------+
---------------------------------------------------------------------------------
Start Technology Mapping
---------------------------------------------------------------------------------
---------------------------------------------------------------------------------
Finished Technology Mapping : Time (s): cpu = 00:00:17 ; elapsed = 00:00:29 . Memory (MB): peak = 1790.316 ; gain = 420.375 ; free physical = 695 ; free virtual = 19410
---------------------------------------------------------------------------------

Report RTL Partitions: 
+-+--------------+------------+----------+
| |RTL Partition |Replication |Instances |
+-+--------------+------------+----------+
+-+--------------+------------+----------+
---------------------------------------------------------------------------------
Start IO Insertion
---------------------------------------------------------------------------------
---------------------------------------------------------------------------------
Start Flattening Before IO Insertion
---------------------------------------------------------------------------------
---------------------------------------------------------------------------------
Finished Flattening Before IO Insertion
---------------------------------------------------------------------------------
---------------------------------------------------------------------------------
Start Final Netlist Cleanup
---------------------------------------------------------------------------------
---------------------------------------------------------------------------------
Finished Final Netlist Cleanup
---------------------------------------------------------------------------------
---------------------------------------------------------------------------------
Finished IO Insertion : Time (s): cpu = 00:00:18 ; elapsed = 00:00:30 . Memory (MB): peak = 1790.316 ; gain = 420.375 ; free physical = 695 ; free virtual = 19410
---------------------------------------------------------------------------------

Report Check Netlist: 
+------+------------------+-------+---------+-------+------------------+
|      |Item              |Errors |Warnings |Status |Description       |
+------+------------------+-------+---------+-------+------------------+
|1     |multi_driven_nets |      0|        0|Passed |Multi driven nets |
+------+------------------+-------+---------+-------+------------------+
---------------------------------------------------------------------------------
Start Renaming Generated Instances
---------------------------------------------------------------------------------
---------------------------------------------------------------------------------
Finished Renaming Generated Instances : Time (s): cpu = 00:00:18 ; elapsed = 00:00:30 . Memory (MB): peak = 1790.316 ; gain = 420.375 ; free physical = 695 ; free virtual = 19410
---------------------------------------------------------------------------------

Report RTL Partitions: 
+-+--------------+------------+----------+
| |RTL Partition |Replication |Instances |
+-+--------------+------------+----------+
+-+--------------+------------+----------+
---------------------------------------------------------------------------------
Start Rebuilding User Hierarchy
---------------------------------------------------------------------------------
---------------------------------------------------------------------------------
Finished Rebuilding User Hierarchy : Time (s): cpu = 00:00:18 ; elapsed = 00:00:30 . Memory (MB): peak = 1790.316 ; gain = 420.375 ; free physical = 695 ; free virtual = 19410
---------------------------------------------------------------------------------
---------------------------------------------------------------------------------
Start Renaming Generated Ports
---------------------------------------------------------------------------------
---------------------------------------------------------------------------------
Finished Renaming Generated Ports : Time (s): cpu = 00:00:18 ; elapsed = 00:00:30 . Memory (MB): peak = 1790.316 ; gain = 420.375 ; free physical = 695 ; free virtual = 19410
---------------------------------------------------------------------------------
---------------------------------------------------------------------------------
Start Handling Custom Attributes
---------------------------------------------------------------------------------
---------------------------------------------------------------------------------
Finished Handling Custom Attributes : Time (s): cpu = 00:00:18 ; elapsed = 00:00:30 . Memory (MB): peak = 1790.316 ; gain = 420.375 ; free physical = 695 ; free virtual = 19410
---------------------------------------------------------------------------------
---------------------------------------------------------------------------------
Start Renaming Generated Nets
---------------------------------------------------------------------------------
---------------------------------------------------------------------------------
Finished Renaming Generated Nets : Time (s): cpu = 00:00:18 ; elapsed = 00:00:30 . Memory (MB): peak = 1790.316 ; gain = 420.375 ; free physical = 695 ; free virtual = 19410
---------------------------------------------------------------------------------
---------------------------------------------------------------------------------
Start Writing Synthesis Report
---------------------------------------------------------------------------------

Report BlackBoxes: 
+-+--------------+----------+
| |BlackBox name |Instances |
+-+--------------+----------+
+-+--------------+----------+

Report Cell Usage: 
+------+-------+------+
|      |Cell   |Count |
+------+-------+------+
|1     |BUFG   |     1|
|2     |CARRY4 |     3|
|3     |LUT1   |     3|
|4     |LUT2   |     2|
|5     |LUT3   |     2|
|6     |LUT4   |    15|
|7     |LUT5   |     2|
|8     |FDCE   |    22|
|9     |FDPE   |     1|
|10    |IBUF   |     3|
|11    |OBUF   |    12|
+------+-------+------+

Report Instance Areas: 
+------+---------+-------+------+
|      |Instance |Module |Cells |
+------+---------+-------+------+
|1     |top      |       |    66|
+------+---------+-------+------+
---------------------------------------------------------------------------------
Finished Writing Synthesis Report : Time (s): cpu = 00:00:18 ; elapsed = 00:00:30 . Memory (MB): peak = 1790.316 ; gain = 420.375 ; free physical = 695 ; free virtual = 19410
---------------------------------------------------------------------------------
Synthesis finished with 0 errors, 0 critical warnings and 1 warnings.
Synthesis Optimization Runtime : Time (s): cpu = 00:00:12 ; elapsed = 00:00:15 . Memory (MB): peak = 1790.316 ; gain = 121.508 ; free physical = 749 ; free virtual = 19464
Synthesis Optimization Complete : Time (s): cpu = 00:00:18 ; elapsed = 00:00:30 . Memory (MB): peak = 1790.324 ; gain = 420.375 ; free physical = 758 ; free virtual = 19473
INFO: [Project 1-571] Translating synthesized netlist
INFO: [Netlist 29-17] Analyzing 6 Unisim elements for replacement
INFO: [Netlist 29-28] Unisim Transformation completed in 0 CPU seconds
INFO: [Project 1-570] Preparing netlist for logic optimization
INFO: [Opt 31-138] Pushed 0 inverter(s) to 0 load pin(s).
INFO: [Project 1-111] Unisim Transformation Summary:
No Unisim elements were transformed.

INFO: [Common 17-83] Releasing license: Synthesis
18 Infos, 1 Warnings, 0 Critical Warnings and 0 Errors encountered.
synth_design completed successfully
synth_design: Time (s): cpu = 00:00:20 ; elapsed = 00:00:31 . Memory (MB): peak = 1791.316 ; gain = 421.500 ; free physical = 747 ; free virtual = 19463
WARNING: [Constraints 18-5210] No constraint will be written out.
INFO: [Common 17-1381] The checkpoint '/home/exposedbuckle48/Documents/Semester_5/DSD/Lab_4/Double_Digit_LED/Double_Digit_LED.runs/synth_1/Double_Digit_Counter.dcp' has been generated.
INFO: [runtcl-4] Executing : report_utilization -file Double_Digit_Counter_utilization_synth.rpt -pb Double_Digit_Counter_utilization_synth.pb
report_utilization: Time (s): cpu = 00:00:00.02 ; elapsed = 00:00:00.01 . Memory (MB): peak = 1815.328 ; gain = 0.000 ; free physical = 748 ; free virtual = 19464
INFO: [Common 17-206] Exiting Vivado at Tue Sep 25 16:29:38 2018...
