
*** Running vivado
    with args -log PmodKeypad.vds -m64 -product Vivado -mode batch -messageDb vivado.pb -notrace -source PmodKeypad.tcl


****** Vivado v2018.2.1 (64-bit)
  **** SW Build 2288692 on Thu Jul 26 18:23:50 MDT 2018
  **** IP Build 2289599 on Thu Jul 26 21:09:20 MDT 2018
    ** Copyright 1986-2018 Xilinx, Inc. All Rights Reserved.

source PmodKeypad.tcl -notrace
Command: synth_design -top PmodKeypad -part xc7a35tcpg236-1
Starting synth_design
Attempting to get a license for feature 'Synthesis' and/or device 'xc7a35t'
INFO: [Common 17-349] Got license for feature 'Synthesis' and/or device 'xc7a35t'
INFO: Launching helper process for spawning children vivado processes
INFO: Helper process launched with PID 9295 
---------------------------------------------------------------------------------
Starting RTL Elaboration : Time (s): cpu = 00:00:02 ; elapsed = 00:00:02 . Memory (MB): peak = 1438.816 ; gain = 68.887 ; free physical = 3411 ; free virtual = 21648
---------------------------------------------------------------------------------
INFO: [Synth 8-6157] synthesizing module 'PmodKeypad' [/home/exposedbuckle48/Documents/Semester_5/DSD/Lab_7/Lab_7_Project/Lab_7_Project.srcs/sources_1/new/PmodKeyPad.v:7]
INFO: [Synth 8-6157] synthesizing module 'Decoder_OSU' [/home/exposedbuckle48/Documents/Semester_5/DSD/Lab_7/Lab_7_Project/Lab_7_Project.srcs/sources_1/new/Decoder_OSU.v:24]
INFO: [Synth 8-6155] done synthesizing module 'Decoder_OSU' (1#1) [/home/exposedbuckle48/Documents/Semester_5/DSD/Lab_7/Lab_7_Project/Lab_7_Project.srcs/sources_1/new/Decoder_OSU.v:24]
INFO: [Synth 8-6157] synthesizing module 'SegDisplay' [/home/exposedbuckle48/Documents/Semester_5/DSD/Lab_7/Lab_7_Project/Lab_7_Project.srcs/sources_1/new/SegDisplay.v:7]
INFO: [Synth 8-6155] done synthesizing module 'SegDisplay' (2#1) [/home/exposedbuckle48/Documents/Semester_5/DSD/Lab_7/Lab_7_Project/Lab_7_Project.srcs/sources_1/new/SegDisplay.v:7]
INFO: [Synth 8-6155] done synthesizing module 'PmodKeypad' (3#1) [/home/exposedbuckle48/Documents/Semester_5/DSD/Lab_7/Lab_7_Project/Lab_7_Project.srcs/sources_1/new/PmodKeyPad.v:7]
---------------------------------------------------------------------------------
Finished RTL Elaboration : Time (s): cpu = 00:00:02 ; elapsed = 00:00:03 . Memory (MB): peak = 1483.441 ; gain = 113.512 ; free physical = 3420 ; free virtual = 21659
---------------------------------------------------------------------------------

Report Check Netlist: 
+------+------------------+-------+---------+-------+------------------+
|      |Item              |Errors |Warnings |Status |Description       |
+------+------------------+-------+---------+-------+------------------+
|1     |multi_driven_nets |      0|        0|Passed |Multi driven nets |
+------+------------------+-------+---------+-------+------------------+
---------------------------------------------------------------------------------
Start Handling Custom Attributes
---------------------------------------------------------------------------------
---------------------------------------------------------------------------------
Finished Handling Custom Attributes : Time (s): cpu = 00:00:03 ; elapsed = 00:00:03 . Memory (MB): peak = 1483.441 ; gain = 113.512 ; free physical = 3420 ; free virtual = 21659
---------------------------------------------------------------------------------
---------------------------------------------------------------------------------
Finished RTL Optimization Phase 1 : Time (s): cpu = 00:00:03 ; elapsed = 00:00:03 . Memory (MB): peak = 1483.441 ; gain = 113.512 ; free physical = 3420 ; free virtual = 21659
---------------------------------------------------------------------------------
INFO: [Device 21-403] Loading part xc7a35tcpg236-1
INFO: [Project 1-570] Preparing netlist for logic optimization

Processing XDC Constraints
Initializing timing engine
Parsing XDC File [/home/exposedbuckle48/Documents/Semester_5/DSD/Lab_7/Basys3_Master.xdc]
WARNING: [Vivado 12-584] No ports matched 'led[0]'. [/home/exposedbuckle48/Documents/Semester_5/DSD/Lab_7/Basys3_Master.xdc:47]
CRITICAL WARNING: [Common 17-55] 'set_property' expects at least one object. [/home/exposedbuckle48/Documents/Semester_5/DSD/Lab_7/Basys3_Master.xdc:47]
Resolution: If [get_<value>] was used to populate the object, check to make sure this command returns at least one valid object.
WARNING: [Vivado 12-584] No ports matched 'led[0]'. [/home/exposedbuckle48/Documents/Semester_5/DSD/Lab_7/Basys3_Master.xdc:48]
CRITICAL WARNING: [Common 17-55] 'set_property' expects at least one object. [/home/exposedbuckle48/Documents/Semester_5/DSD/Lab_7/Basys3_Master.xdc:48]
Resolution: If [get_<value>] was used to populate the object, check to make sure this command returns at least one valid object.
WARNING: [Vivado 12-584] No ports matched 'led[1]'. [/home/exposedbuckle48/Documents/Semester_5/DSD/Lab_7/Basys3_Master.xdc:49]
CRITICAL WARNING: [Common 17-55] 'set_property' expects at least one object. [/home/exposedbuckle48/Documents/Semester_5/DSD/Lab_7/Basys3_Master.xdc:49]
Resolution: If [get_<value>] was used to populate the object, check to make sure this command returns at least one valid object.
WARNING: [Vivado 12-584] No ports matched 'led[1]'. [/home/exposedbuckle48/Documents/Semester_5/DSD/Lab_7/Basys3_Master.xdc:50]
CRITICAL WARNING: [Common 17-55] 'set_property' expects at least one object. [/home/exposedbuckle48/Documents/Semester_5/DSD/Lab_7/Basys3_Master.xdc:50]
Resolution: If [get_<value>] was used to populate the object, check to make sure this command returns at least one valid object.
WARNING: [Vivado 12-584] No ports matched 'led[2]'. [/home/exposedbuckle48/Documents/Semester_5/DSD/Lab_7/Basys3_Master.xdc:51]
CRITICAL WARNING: [Common 17-55] 'set_property' expects at least one object. [/home/exposedbuckle48/Documents/Semester_5/DSD/Lab_7/Basys3_Master.xdc:51]
Resolution: If [get_<value>] was used to populate the object, check to make sure this command returns at least one valid object.
WARNING: [Vivado 12-584] No ports matched 'led[2]'. [/home/exposedbuckle48/Documents/Semester_5/DSD/Lab_7/Basys3_Master.xdc:52]
CRITICAL WARNING: [Common 17-55] 'set_property' expects at least one object. [/home/exposedbuckle48/Documents/Semester_5/DSD/Lab_7/Basys3_Master.xdc:52]
Resolution: If [get_<value>] was used to populate the object, check to make sure this command returns at least one valid object.
WARNING: [Vivado 12-584] No ports matched 'led[3]'. [/home/exposedbuckle48/Documents/Semester_5/DSD/Lab_7/Basys3_Master.xdc:53]
CRITICAL WARNING: [Common 17-55] 'set_property' expects at least one object. [/home/exposedbuckle48/Documents/Semester_5/DSD/Lab_7/Basys3_Master.xdc:53]
Resolution: If [get_<value>] was used to populate the object, check to make sure this command returns at least one valid object.
WARNING: [Vivado 12-584] No ports matched 'led[3]'. [/home/exposedbuckle48/Documents/Semester_5/DSD/Lab_7/Basys3_Master.xdc:54]
CRITICAL WARNING: [Common 17-55] 'set_property' expects at least one object. [/home/exposedbuckle48/Documents/Semester_5/DSD/Lab_7/Basys3_Master.xdc:54]
Resolution: If [get_<value>] was used to populate the object, check to make sure this command returns at least one valid object.
WARNING: [Vivado 12-584] No ports matched 'led[4]'. [/home/exposedbuckle48/Documents/Semester_5/DSD/Lab_7/Basys3_Master.xdc:55]
CRITICAL WARNING: [Common 17-55] 'set_property' expects at least one object. [/home/exposedbuckle48/Documents/Semester_5/DSD/Lab_7/Basys3_Master.xdc:55]
Resolution: If [get_<value>] was used to populate the object, check to make sure this command returns at least one valid object.
WARNING: [Vivado 12-584] No ports matched 'led[4]'. [/home/exposedbuckle48/Documents/Semester_5/DSD/Lab_7/Basys3_Master.xdc:56]
CRITICAL WARNING: [Common 17-55] 'set_property' expects at least one object. [/home/exposedbuckle48/Documents/Semester_5/DSD/Lab_7/Basys3_Master.xdc:56]
Resolution: If [get_<value>] was used to populate the object, check to make sure this command returns at least one valid object.
WARNING: [Vivado 12-584] No ports matched 'led[5]'. [/home/exposedbuckle48/Documents/Semester_5/DSD/Lab_7/Basys3_Master.xdc:57]
CRITICAL WARNING: [Common 17-55] 'set_property' expects at least one object. [/home/exposedbuckle48/Documents/Semester_5/DSD/Lab_7/Basys3_Master.xdc:57]
Resolution: If [get_<value>] was used to populate the object, check to make sure this command returns at least one valid object.
WARNING: [Vivado 12-584] No ports matched 'led[5]'. [/home/exposedbuckle48/Documents/Semester_5/DSD/Lab_7/Basys3_Master.xdc:58]
CRITICAL WARNING: [Common 17-55] 'set_property' expects at least one object. [/home/exposedbuckle48/Documents/Semester_5/DSD/Lab_7/Basys3_Master.xdc:58]
Resolution: If [get_<value>] was used to populate the object, check to make sure this command returns at least one valid object.
WARNING: [Vivado 12-584] No ports matched 'led[6]'. [/home/exposedbuckle48/Documents/Semester_5/DSD/Lab_7/Basys3_Master.xdc:59]
CRITICAL WARNING: [Common 17-55] 'set_property' expects at least one object. [/home/exposedbuckle48/Documents/Semester_5/DSD/Lab_7/Basys3_Master.xdc:59]
Resolution: If [get_<value>] was used to populate the object, check to make sure this command returns at least one valid object.
WARNING: [Vivado 12-584] No ports matched 'led[6]'. [/home/exposedbuckle48/Documents/Semester_5/DSD/Lab_7/Basys3_Master.xdc:60]
CRITICAL WARNING: [Common 17-55] 'set_property' expects at least one object. [/home/exposedbuckle48/Documents/Semester_5/DSD/Lab_7/Basys3_Master.xdc:60]
Resolution: If [get_<value>] was used to populate the object, check to make sure this command returns at least one valid object.
WARNING: [Vivado 12-584] No ports matched 'led[7]'. [/home/exposedbuckle48/Documents/Semester_5/DSD/Lab_7/Basys3_Master.xdc:61]
CRITICAL WARNING: [Common 17-55] 'set_property' expects at least one object. [/home/exposedbuckle48/Documents/Semester_5/DSD/Lab_7/Basys3_Master.xdc:61]
Resolution: If [get_<value>] was used to populate the object, check to make sure this command returns at least one valid object.
WARNING: [Vivado 12-584] No ports matched 'led[7]'. [/home/exposedbuckle48/Documents/Semester_5/DSD/Lab_7/Basys3_Master.xdc:62]
CRITICAL WARNING: [Common 17-55] 'set_property' expects at least one object. [/home/exposedbuckle48/Documents/Semester_5/DSD/Lab_7/Basys3_Master.xdc:62]
Resolution: If [get_<value>] was used to populate the object, check to make sure this command returns at least one valid object.
WARNING: [Vivado 12-584] No ports matched 'led[8]'. [/home/exposedbuckle48/Documents/Semester_5/DSD/Lab_7/Basys3_Master.xdc:63]
CRITICAL WARNING: [Common 17-55] 'set_property' expects at least one object. [/home/exposedbuckle48/Documents/Semester_5/DSD/Lab_7/Basys3_Master.xdc:63]
Resolution: If [get_<value>] was used to populate the object, check to make sure this command returns at least one valid object.
WARNING: [Vivado 12-584] No ports matched 'led[8]'. [/home/exposedbuckle48/Documents/Semester_5/DSD/Lab_7/Basys3_Master.xdc:64]
CRITICAL WARNING: [Common 17-55] 'set_property' expects at least one object. [/home/exposedbuckle48/Documents/Semester_5/DSD/Lab_7/Basys3_Master.xdc:64]
Resolution: If [get_<value>] was used to populate the object, check to make sure this command returns at least one valid object.
WARNING: [Vivado 12-584] No ports matched 'led[9]'. [/home/exposedbuckle48/Documents/Semester_5/DSD/Lab_7/Basys3_Master.xdc:65]
CRITICAL WARNING: [Common 17-55] 'set_property' expects at least one object. [/home/exposedbuckle48/Documents/Semester_5/DSD/Lab_7/Basys3_Master.xdc:65]
Resolution: If [get_<value>] was used to populate the object, check to make sure this command returns at least one valid object.
WARNING: [Vivado 12-584] No ports matched 'led[9]'. [/home/exposedbuckle48/Documents/Semester_5/DSD/Lab_7/Basys3_Master.xdc:66]
CRITICAL WARNING: [Common 17-55] 'set_property' expects at least one object. [/home/exposedbuckle48/Documents/Semester_5/DSD/Lab_7/Basys3_Master.xdc:66]
Resolution: If [get_<value>] was used to populate the object, check to make sure this command returns at least one valid object.
WARNING: [Vivado 12-584] No ports matched 'led[10]'. [/home/exposedbuckle48/Documents/Semester_5/DSD/Lab_7/Basys3_Master.xdc:67]
CRITICAL WARNING: [Common 17-55] 'set_property' expects at least one object. [/home/exposedbuckle48/Documents/Semester_5/DSD/Lab_7/Basys3_Master.xdc:67]
Resolution: If [get_<value>] was used to populate the object, check to make sure this command returns at least one valid object.
WARNING: [Vivado 12-584] No ports matched 'led[10]'. [/home/exposedbuckle48/Documents/Semester_5/DSD/Lab_7/Basys3_Master.xdc:68]
CRITICAL WARNING: [Common 17-55] 'set_property' expects at least one object. [/home/exposedbuckle48/Documents/Semester_5/DSD/Lab_7/Basys3_Master.xdc:68]
Resolution: If [get_<value>] was used to populate the object, check to make sure this command returns at least one valid object.
WARNING: [Vivado 12-584] No ports matched 'led[11]'. [/home/exposedbuckle48/Documents/Semester_5/DSD/Lab_7/Basys3_Master.xdc:69]
CRITICAL WARNING: [Common 17-55] 'set_property' expects at least one object. [/home/exposedbuckle48/Documents/Semester_5/DSD/Lab_7/Basys3_Master.xdc:69]
Resolution: If [get_<value>] was used to populate the object, check to make sure this command returns at least one valid object.
WARNING: [Vivado 12-584] No ports matched 'led[11]'. [/home/exposedbuckle48/Documents/Semester_5/DSD/Lab_7/Basys3_Master.xdc:70]
CRITICAL WARNING: [Common 17-55] 'set_property' expects at least one object. [/home/exposedbuckle48/Documents/Semester_5/DSD/Lab_7/Basys3_Master.xdc:70]
Resolution: If [get_<value>] was used to populate the object, check to make sure this command returns at least one valid object.
WARNING: [Vivado 12-584] No ports matched 'led[12]'. [/home/exposedbuckle48/Documents/Semester_5/DSD/Lab_7/Basys3_Master.xdc:71]
CRITICAL WARNING: [Common 17-55] 'set_property' expects at least one object. [/home/exposedbuckle48/Documents/Semester_5/DSD/Lab_7/Basys3_Master.xdc:71]
Resolution: If [get_<value>] was used to populate the object, check to make sure this command returns at least one valid object.
WARNING: [Vivado 12-584] No ports matched 'led[12]'. [/home/exposedbuckle48/Documents/Semester_5/DSD/Lab_7/Basys3_Master.xdc:72]
CRITICAL WARNING: [Common 17-55] 'set_property' expects at least one object. [/home/exposedbuckle48/Documents/Semester_5/DSD/Lab_7/Basys3_Master.xdc:72]
Resolution: If [get_<value>] was used to populate the object, check to make sure this command returns at least one valid object.
WARNING: [Vivado 12-584] No ports matched 'led[13]'. [/home/exposedbuckle48/Documents/Semester_5/DSD/Lab_7/Basys3_Master.xdc:73]
CRITICAL WARNING: [Common 17-55] 'set_property' expects at least one object. [/home/exposedbuckle48/Documents/Semester_5/DSD/Lab_7/Basys3_Master.xdc:73]
Resolution: If [get_<value>] was used to populate the object, check to make sure this command returns at least one valid object.
WARNING: [Vivado 12-584] No ports matched 'led[13]'. [/home/exposedbuckle48/Documents/Semester_5/DSD/Lab_7/Basys3_Master.xdc:74]
CRITICAL WARNING: [Common 17-55] 'set_property' expects at least one object. [/home/exposedbuckle48/Documents/Semester_5/DSD/Lab_7/Basys3_Master.xdc:74]
Resolution: If [get_<value>] was used to populate the object, check to make sure this command returns at least one valid object.
WARNING: [Vivado 12-584] No ports matched 'led[14]'. [/home/exposedbuckle48/Documents/Semester_5/DSD/Lab_7/Basys3_Master.xdc:75]
CRITICAL WARNING: [Common 17-55] 'set_property' expects at least one object. [/home/exposedbuckle48/Documents/Semester_5/DSD/Lab_7/Basys3_Master.xdc:75]
Resolution: If [get_<value>] was used to populate the object, check to make sure this command returns at least one valid object.
WARNING: [Vivado 12-584] No ports matched 'led[14]'. [/home/exposedbuckle48/Documents/Semester_5/DSD/Lab_7/Basys3_Master.xdc:76]
CRITICAL WARNING: [Common 17-55] 'set_property' expects at least one object. [/home/exposedbuckle48/Documents/Semester_5/DSD/Lab_7/Basys3_Master.xdc:76]
Resolution: If [get_<value>] was used to populate the object, check to make sure this command returns at least one valid object.
WARNING: [Vivado 12-584] No ports matched 'led[15]'. [/home/exposedbuckle48/Documents/Semester_5/DSD/Lab_7/Basys3_Master.xdc:77]
CRITICAL WARNING: [Common 17-55] 'set_property' expects at least one object. [/home/exposedbuckle48/Documents/Semester_5/DSD/Lab_7/Basys3_Master.xdc:77]
Resolution: If [get_<value>] was used to populate the object, check to make sure this command returns at least one valid object.
WARNING: [Vivado 12-584] No ports matched 'led[15]'. [/home/exposedbuckle48/Documents/Semester_5/DSD/Lab_7/Basys3_Master.xdc:78]
CRITICAL WARNING: [Common 17-55] 'set_property' expects at least one object. [/home/exposedbuckle48/Documents/Semester_5/DSD/Lab_7/Basys3_Master.xdc:78]
Resolution: If [get_<value>] was used to populate the object, check to make sure this command returns at least one valid object.
Finished Parsing XDC File [/home/exposedbuckle48/Documents/Semester_5/DSD/Lab_7/Basys3_Master.xdc]
INFO: [Project 1-236] Implementation specific constraints were found while reading constraint file [/home/exposedbuckle48/Documents/Semester_5/DSD/Lab_7/Basys3_Master.xdc]. These constraints will be ignored for synthesis but will be used in implementation. Impacted constraints are listed in the file [.Xil/PmodKeypad_propImpl.xdc].
Resolution: To avoid this warning, move constraints listed in [.Xil/PmodKeypad_propImpl.xdc] to another XDC file and exclude this new file from synthesis with the used_in_synthesis property (File Properties dialog in GUI) and re-run elaboration/synthesis.
Completed Processing XDC Constraints

INFO: [Project 1-111] Unisim Transformation Summary:
No Unisim elements were transformed.

Constraint Validation Runtime : Time (s): cpu = 00:00:00 ; elapsed = 00:00:00 . Memory (MB): peak = 1800.777 ; gain = 0.000 ; free physical = 3145 ; free virtual = 21419
---------------------------------------------------------------------------------
Finished Constraint Validation : Time (s): cpu = 00:00:11 ; elapsed = 00:00:20 . Memory (MB): peak = 1800.777 ; gain = 430.848 ; free physical = 3213 ; free virtual = 21488
---------------------------------------------------------------------------------
---------------------------------------------------------------------------------
Start Loading Part and Timing Information
---------------------------------------------------------------------------------
Loading part: xc7a35tcpg236-1
---------------------------------------------------------------------------------
Finished Loading Part and Timing Information : Time (s): cpu = 00:00:11 ; elapsed = 00:00:20 . Memory (MB): peak = 1800.777 ; gain = 430.848 ; free physical = 3213 ; free virtual = 21487
---------------------------------------------------------------------------------
---------------------------------------------------------------------------------
Start Applying 'set_property' XDC Constraints
---------------------------------------------------------------------------------
---------------------------------------------------------------------------------
Finished applying 'set_property' XDC Constraints : Time (s): cpu = 00:00:11 ; elapsed = 00:00:20 . Memory (MB): peak = 1800.777 ; gain = 430.848 ; free physical = 3215 ; free virtual = 21489
---------------------------------------------------------------------------------
---------------------------------------------------------------------------------
Finished RTL Optimization Phase 2 : Time (s): cpu = 00:00:11 ; elapsed = 00:00:21 . Memory (MB): peak = 1800.777 ; gain = 430.848 ; free physical = 3205 ; free virtual = 21480
---------------------------------------------------------------------------------

Report RTL Partitions: 
+-+--------------+------------+----------+
| |RTL Partition |Replication |Instances |
+-+--------------+------------+----------+
+-+--------------+------------+----------+
---------------------------------------------------------------------------------
Start RTL Component Statistics 
---------------------------------------------------------------------------------
Detailed RTL Component Info : 
+---Registers : 
	                4 Bit    Registers := 2     
+---Muxes : 
	   4 Input      4 Bit        Muxes := 8     
	   2 Input      4 Bit        Muxes := 7     
	   5 Input      4 Bit        Muxes := 2     
	   3 Input      4 Bit        Muxes := 6     
	   4 Input      2 Bit        Muxes := 1     
	   9 Input      2 Bit        Muxes := 1     
	   8 Input      1 Bit        Muxes := 1     
---------------------------------------------------------------------------------
Finished RTL Component Statistics 
---------------------------------------------------------------------------------
---------------------------------------------------------------------------------
Start RTL Hierarchical Component Statistics 
---------------------------------------------------------------------------------
Hierarchical RTL Component report 
Module Decoder_OSU 
Detailed RTL Component Info : 
+---Registers : 
	                4 Bit    Registers := 2     
+---Muxes : 
	   4 Input      4 Bit        Muxes := 8     
	   2 Input      4 Bit        Muxes := 7     
	   5 Input      4 Bit        Muxes := 2     
	   3 Input      4 Bit        Muxes := 6     
	   4 Input      2 Bit        Muxes := 1     
	   9 Input      2 Bit        Muxes := 1     
	   8 Input      1 Bit        Muxes := 1     
---------------------------------------------------------------------------------
Finished RTL Hierarchical Component Statistics
---------------------------------------------------------------------------------
---------------------------------------------------------------------------------
Start Part Resource Summary
---------------------------------------------------------------------------------
Part Resources:
DSPs: 90 (col length:60)
BRAMs: 100 (col length: RAMB18 60 RAMB36 30)
---------------------------------------------------------------------------------
Finished Part Resource Summary
---------------------------------------------------------------------------------
---------------------------------------------------------------------------------
Start Cross Boundary and Area Optimization
---------------------------------------------------------------------------------
Warning: Parallel synthesis criteria is not met 
INFO: [Synth 8-5546] ROM "p_0_out" won't be mapped to RAM because it is too sparse
INFO: [Synth 8-5546] ROM "p_0_out" won't be mapped to RAM because it is too sparse
WARNING: [Synth 8-3917] design PmodKeypad has port an[3] driven by constant 1
WARNING: [Synth 8-3917] design PmodKeypad has port an[2] driven by constant 1
WARNING: [Synth 8-3917] design PmodKeypad has port an[1] driven by constant 1
WARNING: [Synth 8-3917] design PmodKeypad has port an[0] driven by constant 0
---------------------------------------------------------------------------------
Finished Cross Boundary and Area Optimization : Time (s): cpu = 00:00:12 ; elapsed = 00:00:21 . Memory (MB): peak = 1800.777 ; gain = 430.848 ; free physical = 3191 ; free virtual = 21470
---------------------------------------------------------------------------------

Report RTL Partitions: 
+-+--------------+------------+----------+
| |RTL Partition |Replication |Instances |
+-+--------------+------------+----------+
+-+--------------+------------+----------+
---------------------------------------------------------------------------------
Start Applying XDC Timing Constraints
---------------------------------------------------------------------------------
---------------------------------------------------------------------------------
Finished Applying XDC Timing Constraints : Time (s): cpu = 00:00:18 ; elapsed = 00:00:29 . Memory (MB): peak = 1800.777 ; gain = 430.848 ; free physical = 3059 ; free virtual = 21345
---------------------------------------------------------------------------------
---------------------------------------------------------------------------------
Start Timing Optimization
---------------------------------------------------------------------------------
---------------------------------------------------------------------------------
Finished Timing Optimization : Time (s): cpu = 00:00:18 ; elapsed = 00:00:29 . Memory (MB): peak = 1800.777 ; gain = 430.848 ; free physical = 3059 ; free virtual = 21344
---------------------------------------------------------------------------------

Report RTL Partitions: 
+-+--------------+------------+----------+
| |RTL Partition |Replication |Instances |
+-+--------------+------------+----------+
+-+--------------+------------+----------+
---------------------------------------------------------------------------------
Start Technology Mapping
---------------------------------------------------------------------------------
---------------------------------------------------------------------------------
Finished Technology Mapping : Time (s): cpu = 00:00:18 ; elapsed = 00:00:29 . Memory (MB): peak = 1800.777 ; gain = 430.848 ; free physical = 3056 ; free virtual = 21341
---------------------------------------------------------------------------------

Report RTL Partitions: 
+-+--------------+------------+----------+
| |RTL Partition |Replication |Instances |
+-+--------------+------------+----------+
+-+--------------+------------+----------+
---------------------------------------------------------------------------------
Start IO Insertion
---------------------------------------------------------------------------------
---------------------------------------------------------------------------------
Start Flattening Before IO Insertion
---------------------------------------------------------------------------------
---------------------------------------------------------------------------------
Finished Flattening Before IO Insertion
---------------------------------------------------------------------------------
---------------------------------------------------------------------------------
Start Final Netlist Cleanup
---------------------------------------------------------------------------------
---------------------------------------------------------------------------------
Finished Final Netlist Cleanup
---------------------------------------------------------------------------------
---------------------------------------------------------------------------------
Finished IO Insertion : Time (s): cpu = 00:00:18 ; elapsed = 00:00:30 . Memory (MB): peak = 1800.777 ; gain = 430.848 ; free physical = 3056 ; free virtual = 21342
---------------------------------------------------------------------------------

Report Check Netlist: 
+------+------------------+-------+---------+-------+------------------+
|      |Item              |Errors |Warnings |Status |Description       |
+------+------------------+-------+---------+-------+------------------+
|1     |multi_driven_nets |      0|        0|Passed |Multi driven nets |
+------+------------------+-------+---------+-------+------------------+
---------------------------------------------------------------------------------
Start Renaming Generated Instances
---------------------------------------------------------------------------------
---------------------------------------------------------------------------------
Finished Renaming Generated Instances : Time (s): cpu = 00:00:18 ; elapsed = 00:00:30 . Memory (MB): peak = 1800.777 ; gain = 430.848 ; free physical = 3056 ; free virtual = 21342
---------------------------------------------------------------------------------

Report RTL Partitions: 
+-+--------------+------------+----------+
| |RTL Partition |Replication |Instances |
+-+--------------+------------+----------+
+-+--------------+------------+----------+
---------------------------------------------------------------------------------
Start Rebuilding User Hierarchy
---------------------------------------------------------------------------------
---------------------------------------------------------------------------------
Finished Rebuilding User Hierarchy : Time (s): cpu = 00:00:18 ; elapsed = 00:00:30 . Memory (MB): peak = 1800.777 ; gain = 430.848 ; free physical = 3056 ; free virtual = 21342
---------------------------------------------------------------------------------
---------------------------------------------------------------------------------
Start Renaming Generated Ports
---------------------------------------------------------------------------------
---------------------------------------------------------------------------------
Finished Renaming Generated Ports : Time (s): cpu = 00:00:18 ; elapsed = 00:00:30 . Memory (MB): peak = 1800.777 ; gain = 430.848 ; free physical = 3056 ; free virtual = 21342
---------------------------------------------------------------------------------
---------------------------------------------------------------------------------
Start Handling Custom Attributes
---------------------------------------------------------------------------------
---------------------------------------------------------------------------------
Finished Handling Custom Attributes : Time (s): cpu = 00:00:18 ; elapsed = 00:00:30 . Memory (MB): peak = 1800.777 ; gain = 430.848 ; free physical = 3056 ; free virtual = 21342
---------------------------------------------------------------------------------
---------------------------------------------------------------------------------
Start Renaming Generated Nets
---------------------------------------------------------------------------------
---------------------------------------------------------------------------------
Finished Renaming Generated Nets : Time (s): cpu = 00:00:18 ; elapsed = 00:00:30 . Memory (MB): peak = 1800.777 ; gain = 430.848 ; free physical = 3056 ; free virtual = 21342
---------------------------------------------------------------------------------
---------------------------------------------------------------------------------
Start Writing Synthesis Report
---------------------------------------------------------------------------------

Report BlackBoxes: 
+-+--------------+----------+
| |BlackBox name |Instances |
+-+--------------+----------+
+-+--------------+----------+

Report Cell Usage: 
+------+-------+------+
|      |Cell   |Count |
+------+-------+------+
|1     |BUFG   |     1|
|2     |CARRY4 |     5|
|3     |LUT1   |     1|
|4     |LUT2   |     9|
|5     |LUT3   |     4|
|6     |LUT4   |    25|
|7     |LUT5   |    15|
|8     |LUT6   |    33|
|9     |MUXF7  |     1|
|10    |FDCE   |    20|
|11    |FDRE   |     5|
|12    |FDSE   |     3|
|13    |IBUF   |     6|
|14    |OBUF   |    15|
+------+-------+------+

Report Instance Areas: 
+------+---------+------------+------+
|      |Instance |Module      |Cells |
+------+---------+------------+------+
|1     |top      |            |   143|
|2     |  U1     |Decoder_OSU |   116|
|3     |  U2     |SegDisplay  |     5|
+------+---------+------------+------+
---------------------------------------------------------------------------------
Finished Writing Synthesis Report : Time (s): cpu = 00:00:18 ; elapsed = 00:00:30 . Memory (MB): peak = 1800.777 ; gain = 430.848 ; free physical = 3056 ; free virtual = 21342
---------------------------------------------------------------------------------
Synthesis finished with 0 errors, 0 critical warnings and 4 warnings.
Synthesis Optimization Runtime : Time (s): cpu = 00:00:12 ; elapsed = 00:00:15 . Memory (MB): peak = 1800.777 ; gain = 113.512 ; free physical = 3110 ; free virtual = 21395
Synthesis Optimization Complete : Time (s): cpu = 00:00:18 ; elapsed = 00:00:30 . Memory (MB): peak = 1800.785 ; gain = 430.848 ; free physical = 3112 ; free virtual = 21398
INFO: [Project 1-571] Translating synthesized netlist
INFO: [Netlist 29-17] Analyzing 12 Unisim elements for replacement
INFO: [Netlist 29-28] Unisim Transformation completed in 0 CPU seconds
INFO: [Project 1-570] Preparing netlist for logic optimization
INFO: [Opt 31-138] Pushed 0 inverter(s) to 0 load pin(s).
INFO: [Project 1-111] Unisim Transformation Summary:
No Unisim elements were transformed.

INFO: [Common 17-83] Releasing license: Synthesis
20 Infos, 36 Warnings, 32 Critical Warnings and 0 Errors encountered.
synth_design completed successfully
synth_design: Time (s): cpu = 00:00:20 ; elapsed = 00:00:31 . Memory (MB): peak = 1800.785 ; gain = 430.969 ; free physical = 3108 ; free virtual = 21394
WARNING: [Constraints 18-5210] No constraint will be written out.
INFO: [Common 17-1381] The checkpoint '/home/exposedbuckle48/Documents/Semester_5/DSD/Lab_7/Lab_7_Project/Lab_7_Project.runs/synth_1/PmodKeypad.dcp' has been generated.
INFO: [runtcl-4] Executing : report_utilization -file PmodKeypad_utilization_synth.rpt -pb PmodKeypad_utilization_synth.pb
report_utilization: Time (s): cpu = 00:00:00.01 ; elapsed = 00:00:00.02 . Memory (MB): peak = 1824.789 ; gain = 0.000 ; free physical = 3106 ; free virtual = 21393
INFO: [Common 17-206] Exiting Vivado at Tue Oct  9 16:11:28 2018...
