Copyright 1986-2018 Xilinx, Inc. All Rights Reserved.
-----------------------------------------------------------------------------------------------------------------------------------------------------------------------------------------------
| Tool Version : Vivado v.2018.2.1 (lin64) Build 2288692 Thu Jul 26 18:23:50 MDT 2018
| Date         : Thu Nov  1 15:33:56 2018
| Host         : hpl-fedora running 64-bit Fedora release 29 (Twenty Nine)
| Command      : report_timing_summary -max_paths 10 -file XADCdemo_timing_summary_routed.rpt -pb XADCdemo_timing_summary_routed.pb -rpx XADCdemo_timing_summary_routed.rpx -warn_on_violation
| Design       : XADCdemo
| Device       : 7a35t-cpg236
| Speed File   : -1  PRODUCTION 1.23 2018-06-13
-----------------------------------------------------------------------------------------------------------------------------------------------------------------------------------------------

Timing Summary Report

------------------------------------------------------------------------------------------------
| Timer Settings
| --------------
------------------------------------------------------------------------------------------------

  Enable Multi Corner Analysis               :  Yes
  Enable Pessimism Removal                   :  Yes
  Pessimism Removal Resolution               :  Nearest Common Node
  Enable Input Delay Default Clock           :  No
  Enable Preset / Clear Arcs                 :  No
  Disable Flight Delays                      :  No
  Ignore I/O Paths                           :  No
  Timing Early Launch at Borrowing Latches   :  false

  Corner  Analyze    Analyze    
  Name    Max Paths  Min Paths  
  ------  ---------  ---------  
  Slow    Yes        Yes        
  Fast    Yes        Yes        



check_timing report

Table of Contents
-----------------
1. checking no_clock
2. checking constant_clock
3. checking pulse_width_clock
4. checking unconstrained_internal_endpoints
5. checking no_input_delay
6. checking no_output_delay
7. checking multiple_clock
8. checking generated_clocks
9. checking loops
10. checking partial_input_delay
11. checking partial_output_delay
12. checking latch_loops

1. checking no_clock
--------------------
 There are 3 register/latch pins with no clock driven by root clock pin: segment1/XLXI_47/clk_div_reg/Q (HIGH)


2. checking constant_clock
--------------------------
 There are 0 register/latch pins with constant_clock.


3. checking pulse_width_clock
-----------------------------
 There are 0 register/latch pins which need pulse_width check


4. checking unconstrained_internal_endpoints
--------------------------------------------
 There are 3 pins that are not constrained for maximum delay. (HIGH)

 There are 0 pins that are not constrained for maximum delay due to constant clock.


5. checking no_input_delay
--------------------------
 There are 2 input ports with no input delay specified. (HIGH)

 There are 0 input ports with no input delay but user has a false path constraint.


6. checking no_output_delay
---------------------------
 There are 27 ports with no output delay specified. (HIGH)

 There are 0 ports with no output delay but user has a false path constraint

 There are 0 ports with no output delay but with a timing clock defined on it or propagating through it


7. checking multiple_clock
--------------------------
 There are 0 register/latch pins with multiple clocks.


8. checking generated_clocks
----------------------------
 There are 0 generated clocks that are not connected to a clock source.


9. checking loops
-----------------
 There are 0 combinational loops in the design.


10. checking partial_input_delay
--------------------------------
 There are 0 input ports with partial input delay specified.


11. checking partial_output_delay
---------------------------------
 There are 0 ports with partial output delay specified.


12. checking latch_loops
------------------------
 There are 0 combinational latch loops in the design through latch input



------------------------------------------------------------------------------------------------
| Design Timing Summary
| ---------------------
------------------------------------------------------------------------------------------------

    WNS(ns)      TNS(ns)  TNS Failing Endpoints  TNS Total Endpoints      WHS(ns)      THS(ns)  THS Failing Endpoints  THS Total Endpoints     WPWS(ns)     TPWS(ns)  TPWS Failing Endpoints  TPWS Total Endpoints  
    -------      -------  ---------------------  -------------------      -------      -------  ---------------------  -------------------     --------     --------  ----------------------  --------------------  
      3.263        0.000                      0                  331        0.166        0.000                      0                  331        4.500        0.000                       0                   162  


All user specified timing constraints are met.


------------------------------------------------------------------------------------------------
| Clock Summary
| -------------
------------------------------------------------------------------------------------------------

Clock        Waveform(ns)       Period(ns)      Frequency(MHz)
-----        ------------       ----------      --------------
sys_clk_pin  {0.000 5.000}      10.000          100.000         


------------------------------------------------------------------------------------------------
| Intra Clock Table
| -----------------
------------------------------------------------------------------------------------------------

Clock             WNS(ns)      TNS(ns)  TNS Failing Endpoints  TNS Total Endpoints      WHS(ns)      THS(ns)  THS Failing Endpoints  THS Total Endpoints     WPWS(ns)     TPWS(ns)  TPWS Failing Endpoints  TPWS Total Endpoints  
-----             -------      -------  ---------------------  -------------------      -------      -------  ---------------------  -------------------     --------     --------  ----------------------  --------------------  
sys_clk_pin         3.263        0.000                      0                  331        0.166        0.000                      0                  331        4.500        0.000                       0                   162  


------------------------------------------------------------------------------------------------
| Inter Clock Table
| -----------------
------------------------------------------------------------------------------------------------

From Clock    To Clock          WNS(ns)      TNS(ns)  TNS Failing Endpoints  TNS Total Endpoints      WHS(ns)      THS(ns)  THS Failing Endpoints  THS Total Endpoints  
----------    --------          -------      -------  ---------------------  -------------------      -------      -------  ---------------------  -------------------  


------------------------------------------------------------------------------------------------
| Other Path Groups Table
| -----------------------
------------------------------------------------------------------------------------------------

Path Group    From Clock    To Clock          WNS(ns)      TNS(ns)  TNS Failing Endpoints  TNS Total Endpoints      WHS(ns)      THS(ns)  THS Failing Endpoints  THS Total Endpoints  
----------    ----------    --------          -------      -------  ---------------------  -------------------      -------      -------  ---------------------  -------------------  


------------------------------------------------------------------------------------------------
| Timing Details
| --------------
------------------------------------------------------------------------------------------------


---------------------------------------------------------------------------------------------------
From Clock:  sys_clk_pin
  To Clock:  sys_clk_pin

Setup :            0  Failing Endpoints,  Worst Slack        3.263ns,  Total Violation        0.000ns
Hold  :            0  Failing Endpoints,  Worst Slack        0.166ns,  Total Violation        0.000ns
PW    :            0  Failing Endpoints,  Worst Slack        4.500ns,  Total Violation        0.000ns
---------------------------------------------------------------------------------------------------


Max Delay Paths
--------------------------------------------------------------------------------------
Slack (MET) :             3.263ns  (required time - arrival time)
  Source:                 b2d_din_reg[7]/C
                            (rising edge-triggered cell FDRE clocked by sys_clk_pin  {rise@0.000ns fall@5.000ns period=10.000ns})
  Destination:            m_b2d/data_reg[1]/D
                            (rising edge-triggered cell FDRE clocked by sys_clk_pin  {rise@0.000ns fall@5.000ns period=10.000ns})
  Path Group:             sys_clk_pin
  Path Type:              Setup (Max at Slow Process Corner)
  Requirement:            10.000ns  (sys_clk_pin rise@10.000ns - sys_clk_pin rise@0.000ns)
  Data Path Delay:        6.785ns  (logic 4.443ns (65.480%)  route 2.342ns (34.520%))
  Logic Levels:           2  (DSP48E1=1 LUT3=1)
  Clock Path Skew:        -0.034ns (DCD - SCD + CPR)
    Destination Clock Delay (DCD):    4.765ns = ( 14.765 - 10.000 ) 
    Source Clock Delay      (SCD):    5.057ns
    Clock Pessimism Removal (CPR):    0.258ns
  Clock Uncertainty:      0.035ns  ((TSJ^2 + TIJ^2)^1/2 + DJ) / 2 + PE
    Total System Jitter     (TSJ):    0.071ns
    Total Input Jitter      (TIJ):    0.000ns
    Discrete Jitter          (DJ):    0.000ns
    Phase Error              (PE):    0.000ns

    Location             Delay type                Incr(ns)  Path(ns)    Netlist Resource(s)
  -------------------------------------------------------------------    -------------------
                         (clock sys_clk_pin rise edge)
                                                      0.000     0.000 r  
    W5                                                0.000     0.000 r  CLK100MHZ (IN)
                         net (fo=0)                   0.000     0.000    CLK100MHZ
    W5                   IBUF (Prop_ibuf_I_O)         1.458     1.458 r  CLK100MHZ_IBUF_inst/O
                         net (fo=1, routed)           1.967     3.425    CLK100MHZ_IBUF
    BUFGCTRL_X0Y0        BUFG (Prop_bufg_I_O)         0.096     3.521 r  CLK100MHZ_IBUF_BUFG_inst/O
                         net (fo=161, routed)         1.536     5.057    CLK100MHZ_IBUF_BUFG
    SLICE_X28Y76         FDRE                                         r  b2d_din_reg[7]/C
  -------------------------------------------------------------------    -------------------
    SLICE_X28Y76         FDRE (Prop_fdre_C_Q)         0.456     5.513 r  b2d_din_reg[7]/Q
                         net (fo=1, routed)           0.932     6.444    m_b2d/din[7]
    DSP48_X0Y30          DSP48E1 (Prop_dsp48e1_A[7]_P[17])
                                                      3.841    10.285 r  m_b2d/data1/P[17]
                         net (fo=1, routed)           1.411    11.696    m_b2d/data1_n_88
    SLICE_X10Y75         LUT3 (Prop_lut3_I2_O)        0.146    11.842 r  m_b2d/data[1]_i_1/O
                         net (fo=1, routed)           0.000    11.842    m_b2d/data[1]_i_1_n_0
    SLICE_X10Y75         FDRE                                         r  m_b2d/data_reg[1]/D
  -------------------------------------------------------------------    -------------------

                         (clock sys_clk_pin rise edge)
                                                     10.000    10.000 r  
    W5                                                0.000    10.000 r  CLK100MHZ (IN)
                         net (fo=0)                   0.000    10.000    CLK100MHZ
    W5                   IBUF (Prop_ibuf_I_O)         1.388    11.388 r  CLK100MHZ_IBUF_inst/O
                         net (fo=1, routed)           1.862    13.250    CLK100MHZ_IBUF
    BUFGCTRL_X0Y0        BUFG (Prop_bufg_I_O)         0.091    13.341 r  CLK100MHZ_IBUF_BUFG_inst/O
                         net (fo=161, routed)         1.424    14.765    m_b2d/clk
    SLICE_X10Y75         FDRE                                         r  m_b2d/data_reg[1]/C
                         clock pessimism              0.258    15.023    
                         clock uncertainty           -0.035    14.988    
    SLICE_X10Y75         FDRE (Setup_fdre_C_D)        0.118    15.106    m_b2d/data_reg[1]
  -------------------------------------------------------------------
                         required time                         15.106    
                         arrival time                         -11.842    
  -------------------------------------------------------------------
                         slack                                  3.263    

Slack (MET) :             3.345ns  (required time - arrival time)
  Source:                 b2d_din_reg[7]/C
                            (rising edge-triggered cell FDRE clocked by sys_clk_pin  {rise@0.000ns fall@5.000ns period=10.000ns})
  Destination:            m_b2d/data_reg[2]/D
                            (rising edge-triggered cell FDRE clocked by sys_clk_pin  {rise@0.000ns fall@5.000ns period=10.000ns})
  Path Group:             sys_clk_pin
  Path Type:              Setup (Max at Slow Process Corner)
  Requirement:            10.000ns  (sys_clk_pin rise@10.000ns - sys_clk_pin rise@0.000ns)
  Data Path Delay:        6.665ns  (logic 4.421ns (66.333%)  route 2.244ns (33.667%))
  Logic Levels:           2  (DSP48E1=1 LUT3=1)
  Clock Path Skew:        -0.032ns (DCD - SCD + CPR)
    Destination Clock Delay (DCD):    4.767ns = ( 14.767 - 10.000 ) 
    Source Clock Delay      (SCD):    5.057ns
    Clock Pessimism Removal (CPR):    0.258ns
  Clock Uncertainty:      0.035ns  ((TSJ^2 + TIJ^2)^1/2 + DJ) / 2 + PE
    Total System Jitter     (TSJ):    0.071ns
    Total Input Jitter      (TIJ):    0.000ns
    Discrete Jitter          (DJ):    0.000ns
    Phase Error              (PE):    0.000ns

    Location             Delay type                Incr(ns)  Path(ns)    Netlist Resource(s)
  -------------------------------------------------------------------    -------------------
                         (clock sys_clk_pin rise edge)
                                                      0.000     0.000 r  
    W5                                                0.000     0.000 r  CLK100MHZ (IN)
                         net (fo=0)                   0.000     0.000    CLK100MHZ
    W5                   IBUF (Prop_ibuf_I_O)         1.458     1.458 r  CLK100MHZ_IBUF_inst/O
                         net (fo=1, routed)           1.967     3.425    CLK100MHZ_IBUF
    BUFGCTRL_X0Y0        BUFG (Prop_bufg_I_O)         0.096     3.521 r  CLK100MHZ_IBUF_BUFG_inst/O
                         net (fo=161, routed)         1.536     5.057    CLK100MHZ_IBUF_BUFG
    SLICE_X28Y76         FDRE                                         r  b2d_din_reg[7]/C
  -------------------------------------------------------------------    -------------------
    SLICE_X28Y76         FDRE (Prop_fdre_C_Q)         0.456     5.513 r  b2d_din_reg[7]/Q
                         net (fo=1, routed)           0.932     6.444    m_b2d/din[7]
    DSP48_X0Y30          DSP48E1 (Prop_dsp48e1_A[7]_P[18])
                                                      3.841    10.285 r  m_b2d/data1/P[18]
                         net (fo=1, routed)           1.312    11.598    m_b2d/data1_n_87
    SLICE_X10Y76         LUT3 (Prop_lut3_I2_O)        0.124    11.722 r  m_b2d/data[2]_i_1/O
                         net (fo=1, routed)           0.000    11.722    m_b2d/data[2]_i_1_n_0
    SLICE_X10Y76         FDRE                                         r  m_b2d/data_reg[2]/D
  -------------------------------------------------------------------    -------------------

                         (clock sys_clk_pin rise edge)
                                                     10.000    10.000 r  
    W5                                                0.000    10.000 r  CLK100MHZ (IN)
                         net (fo=0)                   0.000    10.000    CLK100MHZ
    W5                   IBUF (Prop_ibuf_I_O)         1.388    11.388 r  CLK100MHZ_IBUF_inst/O
                         net (fo=1, routed)           1.862    13.250    CLK100MHZ_IBUF
    BUFGCTRL_X0Y0        BUFG (Prop_bufg_I_O)         0.091    13.341 r  CLK100MHZ_IBUF_BUFG_inst/O
                         net (fo=161, routed)         1.426    14.767    m_b2d/clk
    SLICE_X10Y76         FDRE                                         r  m_b2d/data_reg[2]/C
                         clock pessimism              0.258    15.025    
                         clock uncertainty           -0.035    14.990    
    SLICE_X10Y76         FDRE (Setup_fdre_C_D)        0.077    15.067    m_b2d/data_reg[2]
  -------------------------------------------------------------------
                         required time                         15.067    
                         arrival time                         -11.722    
  -------------------------------------------------------------------
                         slack                                  3.345    

Slack (MET) :             3.485ns  (required time - arrival time)
  Source:                 b2d_din_reg[7]/C
                            (rising edge-triggered cell FDRE clocked by sys_clk_pin  {rise@0.000ns fall@5.000ns period=10.000ns})
  Destination:            m_b2d/data_reg[7]/D
                            (rising edge-triggered cell FDRE clocked by sys_clk_pin  {rise@0.000ns fall@5.000ns period=10.000ns})
  Path Group:             sys_clk_pin
  Path Type:              Setup (Max at Slow Process Corner)
  Requirement:            10.000ns  (sys_clk_pin rise@10.000ns - sys_clk_pin rise@0.000ns)
  Data Path Delay:        6.563ns  (logic 4.450ns (67.800%)  route 2.113ns (32.200%))
  Logic Levels:           2  (DSP48E1=1 LUT2=1)
  Clock Path Skew:        -0.034ns (DCD - SCD + CPR)
    Destination Clock Delay (DCD):    4.765ns = ( 14.765 - 10.000 ) 
    Source Clock Delay      (SCD):    5.057ns
    Clock Pessimism Removal (CPR):    0.258ns
  Clock Uncertainty:      0.035ns  ((TSJ^2 + TIJ^2)^1/2 + DJ) / 2 + PE
    Total System Jitter     (TSJ):    0.071ns
    Total Input Jitter      (TIJ):    0.000ns
    Discrete Jitter          (DJ):    0.000ns
    Phase Error              (PE):    0.000ns

    Location             Delay type                Incr(ns)  Path(ns)    Netlist Resource(s)
  -------------------------------------------------------------------    -------------------
                         (clock sys_clk_pin rise edge)
                                                      0.000     0.000 r  
    W5                                                0.000     0.000 r  CLK100MHZ (IN)
                         net (fo=0)                   0.000     0.000    CLK100MHZ
    W5                   IBUF (Prop_ibuf_I_O)         1.458     1.458 r  CLK100MHZ_IBUF_inst/O
                         net (fo=1, routed)           1.967     3.425    CLK100MHZ_IBUF
    BUFGCTRL_X0Y0        BUFG (Prop_bufg_I_O)         0.096     3.521 r  CLK100MHZ_IBUF_BUFG_inst/O
                         net (fo=161, routed)         1.536     5.057    CLK100MHZ_IBUF_BUFG
    SLICE_X28Y76         FDRE                                         r  b2d_din_reg[7]/C
  -------------------------------------------------------------------    -------------------
    SLICE_X28Y76         FDRE (Prop_fdre_C_Q)         0.456     5.513 r  b2d_din_reg[7]/Q
                         net (fo=1, routed)           0.932     6.444    m_b2d/din[7]
    DSP48_X0Y30          DSP48E1 (Prop_dsp48e1_A[7]_P[23])
                                                      3.841    10.285 r  m_b2d/data1/P[23]
                         net (fo=1, routed)           1.182    11.467    m_b2d/data1_n_82
    SLICE_X10Y75         LUT2 (Prop_lut2_I1_O)        0.153    11.620 r  m_b2d/data[7]_i_1/O
                         net (fo=1, routed)           0.000    11.620    m_b2d/data[7]_i_1_n_0
    SLICE_X10Y75         FDRE                                         r  m_b2d/data_reg[7]/D
  -------------------------------------------------------------------    -------------------

                         (clock sys_clk_pin rise edge)
                                                     10.000    10.000 r  
    W5                                                0.000    10.000 r  CLK100MHZ (IN)
                         net (fo=0)                   0.000    10.000    CLK100MHZ
    W5                   IBUF (Prop_ibuf_I_O)         1.388    11.388 r  CLK100MHZ_IBUF_inst/O
                         net (fo=1, routed)           1.862    13.250    CLK100MHZ_IBUF
    BUFGCTRL_X0Y0        BUFG (Prop_bufg_I_O)         0.091    13.341 r  CLK100MHZ_IBUF_BUFG_inst/O
                         net (fo=161, routed)         1.424    14.765    m_b2d/clk
    SLICE_X10Y75         FDRE                                         r  m_b2d/data_reg[7]/C
                         clock pessimism              0.258    15.023    
                         clock uncertainty           -0.035    14.988    
    SLICE_X10Y75         FDRE (Setup_fdre_C_D)        0.118    15.106    m_b2d/data_reg[7]
  -------------------------------------------------------------------
                         required time                         15.106    
                         arrival time                         -11.620    
  -------------------------------------------------------------------
                         slack                                  3.485    

Slack (MET) :             3.538ns  (required time - arrival time)
  Source:                 b2d_din_reg[7]/C
                            (rising edge-triggered cell FDRE clocked by sys_clk_pin  {rise@0.000ns fall@5.000ns period=10.000ns})
  Destination:            m_b2d/data_reg[8]/D
                            (rising edge-triggered cell FDRE clocked by sys_clk_pin  {rise@0.000ns fall@5.000ns period=10.000ns})
  Path Group:             sys_clk_pin
  Path Type:              Setup (Max at Slow Process Corner)
  Requirement:            10.000ns  (sys_clk_pin rise@10.000ns - sys_clk_pin rise@0.000ns)
  Data Path Delay:        6.476ns  (logic 4.421ns (68.270%)  route 2.055ns (31.730%))
  Logic Levels:           2  (DSP48E1=1 LUT2=1)
  Clock Path Skew:        -0.032ns (DCD - SCD + CPR)
    Destination Clock Delay (DCD):    4.767ns = ( 14.767 - 10.000 ) 
    Source Clock Delay      (SCD):    5.057ns
    Clock Pessimism Removal (CPR):    0.258ns
  Clock Uncertainty:      0.035ns  ((TSJ^2 + TIJ^2)^1/2 + DJ) / 2 + PE
    Total System Jitter     (TSJ):    0.071ns
    Total Input Jitter      (TIJ):    0.000ns
    Discrete Jitter          (DJ):    0.000ns
    Phase Error              (PE):    0.000ns

    Location             Delay type                Incr(ns)  Path(ns)    Netlist Resource(s)
  -------------------------------------------------------------------    -------------------
                         (clock sys_clk_pin rise edge)
                                                      0.000     0.000 r  
    W5                                                0.000     0.000 r  CLK100MHZ (IN)
                         net (fo=0)                   0.000     0.000    CLK100MHZ
    W5                   IBUF (Prop_ibuf_I_O)         1.458     1.458 r  CLK100MHZ_IBUF_inst/O
                         net (fo=1, routed)           1.967     3.425    CLK100MHZ_IBUF
    BUFGCTRL_X0Y0        BUFG (Prop_bufg_I_O)         0.096     3.521 r  CLK100MHZ_IBUF_BUFG_inst/O
                         net (fo=161, routed)         1.536     5.057    CLK100MHZ_IBUF_BUFG
    SLICE_X28Y76         FDRE                                         r  b2d_din_reg[7]/C
  -------------------------------------------------------------------    -------------------
    SLICE_X28Y76         FDRE (Prop_fdre_C_Q)         0.456     5.513 r  b2d_din_reg[7]/Q
                         net (fo=1, routed)           0.932     6.444    m_b2d/din[7]
    DSP48_X0Y30          DSP48E1 (Prop_dsp48e1_A[7]_P[24])
                                                      3.841    10.285 r  m_b2d/data1/P[24]
                         net (fo=1, routed)           1.123    11.409    m_b2d/data1_n_81
    SLICE_X10Y76         LUT2 (Prop_lut2_I0_O)        0.124    11.533 r  m_b2d/data[8]_i_1/O
                         net (fo=1, routed)           0.000    11.533    m_b2d/data[8]_i_1_n_0
    SLICE_X10Y76         FDRE                                         r  m_b2d/data_reg[8]/D
  -------------------------------------------------------------------    -------------------

                         (clock sys_clk_pin rise edge)
                                                     10.000    10.000 r  
    W5                                                0.000    10.000 r  CLK100MHZ (IN)
                         net (fo=0)                   0.000    10.000    CLK100MHZ
    W5                   IBUF (Prop_ibuf_I_O)         1.388    11.388 r  CLK100MHZ_IBUF_inst/O
                         net (fo=1, routed)           1.862    13.250    CLK100MHZ_IBUF
    BUFGCTRL_X0Y0        BUFG (Prop_bufg_I_O)         0.091    13.341 r  CLK100MHZ_IBUF_BUFG_inst/O
                         net (fo=161, routed)         1.426    14.767    m_b2d/clk
    SLICE_X10Y76         FDRE                                         r  m_b2d/data_reg[8]/C
                         clock pessimism              0.258    15.025    
                         clock uncertainty           -0.035    14.990    
    SLICE_X10Y76         FDRE (Setup_fdre_C_D)        0.081    15.071    m_b2d/data_reg[8]
  -------------------------------------------------------------------
                         required time                         15.071    
                         arrival time                         -11.533    
  -------------------------------------------------------------------
                         slack                                  3.538    

Slack (MET) :             3.622ns  (required time - arrival time)
  Source:                 XLXI_7/inst/DCLK
                            (rising edge-triggered cell XADC clocked by sys_clk_pin  {rise@0.000ns fall@5.000ns period=10.000ns})
  Destination:            sseg_data_reg[11]/R
                            (rising edge-triggered cell FDRE clocked by sys_clk_pin  {rise@0.000ns fall@5.000ns period=10.000ns})
  Path Group:             sys_clk_pin
  Path Type:              Setup (Max at Slow Process Corner)
  Requirement:            10.000ns  (sys_clk_pin rise@10.000ns - sys_clk_pin rise@0.000ns)
  Data Path Delay:        5.785ns  (logic 1.710ns (29.558%)  route 4.075ns (70.442%))
  Logic Levels:           4  (LUT2=1 LUT6=3)
  Clock Path Skew:        -0.033ns (DCD - SCD + CPR)
    Destination Clock Delay (DCD):    4.764ns = ( 14.764 - 10.000 ) 
    Source Clock Delay      (SCD):    5.055ns
    Clock Pessimism Removal (CPR):    0.258ns
  Clock Uncertainty:      0.035ns  ((TSJ^2 + TIJ^2)^1/2 + DJ) / 2 + PE
    Total System Jitter     (TSJ):    0.071ns
    Total Input Jitter      (TIJ):    0.000ns
    Discrete Jitter          (DJ):    0.000ns
    Phase Error              (PE):    0.000ns

    Location             Delay type                Incr(ns)  Path(ns)    Netlist Resource(s)
  -------------------------------------------------------------------    -------------------
                         (clock sys_clk_pin rise edge)
                                                      0.000     0.000 r  
    W5                                                0.000     0.000 r  CLK100MHZ (IN)
                         net (fo=0)                   0.000     0.000    CLK100MHZ
    W5                   IBUF (Prop_ibuf_I_O)         1.458     1.458 r  CLK100MHZ_IBUF_inst/O
                         net (fo=1, routed)           1.967     3.425    CLK100MHZ_IBUF
    BUFGCTRL_X0Y0        BUFG (Prop_bufg_I_O)         0.096     3.521 r  CLK100MHZ_IBUF_BUFG_inst/O
                         net (fo=161, routed)         1.534     5.055    XLXI_7/dclk_in
    XADC_X0Y0            XADC                                         r  XLXI_7/inst/DCLK
  -------------------------------------------------------------------    -------------------
    XADC_X0Y0            XADC (Prop_xadc_DCLK_DO[7])
                                                      1.214     6.269 r  XLXI_7/inst/DO[7]
                         net (fo=2, routed)           1.279     7.547    data[7]
    SLICE_X28Y75         LUT6 (Prop_lut6_I1_O)        0.124     7.671 f  sseg_data[15]_i_7/O
                         net (fo=1, routed)           0.667     8.338    sseg_data[15]_i_7_n_0
    SLICE_X28Y75         LUT6 (Prop_lut6_I1_O)        0.124     8.462 r  sseg_data[15]_i_3/O
                         net (fo=4, routed)           0.519     8.982    sseg_data[15]_i_3_n_0
    SLICE_X15Y74         LUT6 (Prop_lut6_I2_O)        0.124     9.106 r  sseg_data[15]_i_2/O
                         net (fo=17, routed)          0.769     9.875    sseg_data[15]_i_2_n_0
    SLICE_X15Y71         LUT2 (Prop_lut2_I0_O)        0.124     9.999 r  sseg_data[15]_i_1/O
                         net (fo=15, routed)          0.841    10.840    sseg_data[15]_i_1_n_0
    SLICE_X12Y74         FDRE                                         r  sseg_data_reg[11]/R
  -------------------------------------------------------------------    -------------------

                         (clock sys_clk_pin rise edge)
                                                     10.000    10.000 r  
    W5                                                0.000    10.000 r  CLK100MHZ (IN)
                         net (fo=0)                   0.000    10.000    CLK100MHZ
    W5                   IBUF (Prop_ibuf_I_O)         1.388    11.388 r  CLK100MHZ_IBUF_inst/O
                         net (fo=1, routed)           1.862    13.250    CLK100MHZ_IBUF
    BUFGCTRL_X0Y0        BUFG (Prop_bufg_I_O)         0.091    13.341 r  CLK100MHZ_IBUF_BUFG_inst/O
                         net (fo=161, routed)         1.423    14.764    CLK100MHZ_IBUF_BUFG
    SLICE_X12Y74         FDRE                                         r  sseg_data_reg[11]/C
                         clock pessimism              0.258    15.022    
                         clock uncertainty           -0.035    14.987    
    SLICE_X12Y74         FDRE (Setup_fdre_C_R)       -0.524    14.463    sseg_data_reg[11]
  -------------------------------------------------------------------
                         required time                         14.463    
                         arrival time                         -10.840    
  -------------------------------------------------------------------
                         slack                                  3.622    

Slack (MET) :             3.622ns  (required time - arrival time)
  Source:                 XLXI_7/inst/DCLK
                            (rising edge-triggered cell XADC clocked by sys_clk_pin  {rise@0.000ns fall@5.000ns period=10.000ns})
  Destination:            sseg_data_reg[15]/R
                            (rising edge-triggered cell FDRE clocked by sys_clk_pin  {rise@0.000ns fall@5.000ns period=10.000ns})
  Path Group:             sys_clk_pin
  Path Type:              Setup (Max at Slow Process Corner)
  Requirement:            10.000ns  (sys_clk_pin rise@10.000ns - sys_clk_pin rise@0.000ns)
  Data Path Delay:        5.785ns  (logic 1.710ns (29.558%)  route 4.075ns (70.442%))
  Logic Levels:           4  (LUT2=1 LUT6=3)
  Clock Path Skew:        -0.033ns (DCD - SCD + CPR)
    Destination Clock Delay (DCD):    4.764ns = ( 14.764 - 10.000 ) 
    Source Clock Delay      (SCD):    5.055ns
    Clock Pessimism Removal (CPR):    0.258ns
  Clock Uncertainty:      0.035ns  ((TSJ^2 + TIJ^2)^1/2 + DJ) / 2 + PE
    Total System Jitter     (TSJ):    0.071ns
    Total Input Jitter      (TIJ):    0.000ns
    Discrete Jitter          (DJ):    0.000ns
    Phase Error              (PE):    0.000ns

    Location             Delay type                Incr(ns)  Path(ns)    Netlist Resource(s)
  -------------------------------------------------------------------    -------------------
                         (clock sys_clk_pin rise edge)
                                                      0.000     0.000 r  
    W5                                                0.000     0.000 r  CLK100MHZ (IN)
                         net (fo=0)                   0.000     0.000    CLK100MHZ
    W5                   IBUF (Prop_ibuf_I_O)         1.458     1.458 r  CLK100MHZ_IBUF_inst/O
                         net (fo=1, routed)           1.967     3.425    CLK100MHZ_IBUF
    BUFGCTRL_X0Y0        BUFG (Prop_bufg_I_O)         0.096     3.521 r  CLK100MHZ_IBUF_BUFG_inst/O
                         net (fo=161, routed)         1.534     5.055    XLXI_7/dclk_in
    XADC_X0Y0            XADC                                         r  XLXI_7/inst/DCLK
  -------------------------------------------------------------------    -------------------
    XADC_X0Y0            XADC (Prop_xadc_DCLK_DO[7])
                                                      1.214     6.269 r  XLXI_7/inst/DO[7]
                         net (fo=2, routed)           1.279     7.547    data[7]
    SLICE_X28Y75         LUT6 (Prop_lut6_I1_O)        0.124     7.671 f  sseg_data[15]_i_7/O
                         net (fo=1, routed)           0.667     8.338    sseg_data[15]_i_7_n_0
    SLICE_X28Y75         LUT6 (Prop_lut6_I1_O)        0.124     8.462 r  sseg_data[15]_i_3/O
                         net (fo=4, routed)           0.519     8.982    sseg_data[15]_i_3_n_0
    SLICE_X15Y74         LUT6 (Prop_lut6_I2_O)        0.124     9.106 r  sseg_data[15]_i_2/O
                         net (fo=17, routed)          0.769     9.875    sseg_data[15]_i_2_n_0
    SLICE_X15Y71         LUT2 (Prop_lut2_I0_O)        0.124     9.999 r  sseg_data[15]_i_1/O
                         net (fo=15, routed)          0.841    10.840    sseg_data[15]_i_1_n_0
    SLICE_X12Y74         FDRE                                         r  sseg_data_reg[15]/R
  -------------------------------------------------------------------    -------------------

                         (clock sys_clk_pin rise edge)
                                                     10.000    10.000 r  
    W5                                                0.000    10.000 r  CLK100MHZ (IN)
                         net (fo=0)                   0.000    10.000    CLK100MHZ
    W5                   IBUF (Prop_ibuf_I_O)         1.388    11.388 r  CLK100MHZ_IBUF_inst/O
                         net (fo=1, routed)           1.862    13.250    CLK100MHZ_IBUF
    BUFGCTRL_X0Y0        BUFG (Prop_bufg_I_O)         0.091    13.341 r  CLK100MHZ_IBUF_BUFG_inst/O
                         net (fo=161, routed)         1.423    14.764    CLK100MHZ_IBUF_BUFG
    SLICE_X12Y74         FDRE                                         r  sseg_data_reg[15]/C
                         clock pessimism              0.258    15.022    
                         clock uncertainty           -0.035    14.987    
    SLICE_X12Y74         FDRE (Setup_fdre_C_R)       -0.524    14.463    sseg_data_reg[15]
  -------------------------------------------------------------------
                         required time                         14.463    
                         arrival time                         -10.840    
  -------------------------------------------------------------------
                         slack                                  3.622    

Slack (MET) :             3.622ns  (required time - arrival time)
  Source:                 XLXI_7/inst/DCLK
                            (rising edge-triggered cell XADC clocked by sys_clk_pin  {rise@0.000ns fall@5.000ns period=10.000ns})
  Destination:            sseg_data_reg[3]/R
                            (rising edge-triggered cell FDRE clocked by sys_clk_pin  {rise@0.000ns fall@5.000ns period=10.000ns})
  Path Group:             sys_clk_pin
  Path Type:              Setup (Max at Slow Process Corner)
  Requirement:            10.000ns  (sys_clk_pin rise@10.000ns - sys_clk_pin rise@0.000ns)
  Data Path Delay:        5.785ns  (logic 1.710ns (29.558%)  route 4.075ns (70.442%))
  Logic Levels:           4  (LUT2=1 LUT6=3)
  Clock Path Skew:        -0.033ns (DCD - SCD + CPR)
    Destination Clock Delay (DCD):    4.764ns = ( 14.764 - 10.000 ) 
    Source Clock Delay      (SCD):    5.055ns
    Clock Pessimism Removal (CPR):    0.258ns
  Clock Uncertainty:      0.035ns  ((TSJ^2 + TIJ^2)^1/2 + DJ) / 2 + PE
    Total System Jitter     (TSJ):    0.071ns
    Total Input Jitter      (TIJ):    0.000ns
    Discrete Jitter          (DJ):    0.000ns
    Phase Error              (PE):    0.000ns

    Location             Delay type                Incr(ns)  Path(ns)    Netlist Resource(s)
  -------------------------------------------------------------------    -------------------
                         (clock sys_clk_pin rise edge)
                                                      0.000     0.000 r  
    W5                                                0.000     0.000 r  CLK100MHZ (IN)
                         net (fo=0)                   0.000     0.000    CLK100MHZ
    W5                   IBUF (Prop_ibuf_I_O)         1.458     1.458 r  CLK100MHZ_IBUF_inst/O
                         net (fo=1, routed)           1.967     3.425    CLK100MHZ_IBUF
    BUFGCTRL_X0Y0        BUFG (Prop_bufg_I_O)         0.096     3.521 r  CLK100MHZ_IBUF_BUFG_inst/O
                         net (fo=161, routed)         1.534     5.055    XLXI_7/dclk_in
    XADC_X0Y0            XADC                                         r  XLXI_7/inst/DCLK
  -------------------------------------------------------------------    -------------------
    XADC_X0Y0            XADC (Prop_xadc_DCLK_DO[7])
                                                      1.214     6.269 r  XLXI_7/inst/DO[7]
                         net (fo=2, routed)           1.279     7.547    data[7]
    SLICE_X28Y75         LUT6 (Prop_lut6_I1_O)        0.124     7.671 f  sseg_data[15]_i_7/O
                         net (fo=1, routed)           0.667     8.338    sseg_data[15]_i_7_n_0
    SLICE_X28Y75         LUT6 (Prop_lut6_I1_O)        0.124     8.462 r  sseg_data[15]_i_3/O
                         net (fo=4, routed)           0.519     8.982    sseg_data[15]_i_3_n_0
    SLICE_X15Y74         LUT6 (Prop_lut6_I2_O)        0.124     9.106 r  sseg_data[15]_i_2/O
                         net (fo=17, routed)          0.769     9.875    sseg_data[15]_i_2_n_0
    SLICE_X15Y71         LUT2 (Prop_lut2_I0_O)        0.124     9.999 r  sseg_data[15]_i_1/O
                         net (fo=15, routed)          0.841    10.840    sseg_data[15]_i_1_n_0
    SLICE_X12Y74         FDRE                                         r  sseg_data_reg[3]/R
  -------------------------------------------------------------------    -------------------

                         (clock sys_clk_pin rise edge)
                                                     10.000    10.000 r  
    W5                                                0.000    10.000 r  CLK100MHZ (IN)
                         net (fo=0)                   0.000    10.000    CLK100MHZ
    W5                   IBUF (Prop_ibuf_I_O)         1.388    11.388 r  CLK100MHZ_IBUF_inst/O
                         net (fo=1, routed)           1.862    13.250    CLK100MHZ_IBUF
    BUFGCTRL_X0Y0        BUFG (Prop_bufg_I_O)         0.091    13.341 r  CLK100MHZ_IBUF_BUFG_inst/O
                         net (fo=161, routed)         1.423    14.764    CLK100MHZ_IBUF_BUFG
    SLICE_X12Y74         FDRE                                         r  sseg_data_reg[3]/C
                         clock pessimism              0.258    15.022    
                         clock uncertainty           -0.035    14.987    
    SLICE_X12Y74         FDRE (Setup_fdre_C_R)       -0.524    14.463    sseg_data_reg[3]
  -------------------------------------------------------------------
                         required time                         14.463    
                         arrival time                         -10.840    
  -------------------------------------------------------------------
                         slack                                  3.622    

Slack (MET) :             3.622ns  (required time - arrival time)
  Source:                 XLXI_7/inst/DCLK
                            (rising edge-triggered cell XADC clocked by sys_clk_pin  {rise@0.000ns fall@5.000ns period=10.000ns})
  Destination:            sseg_data_reg[7]/R
                            (rising edge-triggered cell FDRE clocked by sys_clk_pin  {rise@0.000ns fall@5.000ns period=10.000ns})
  Path Group:             sys_clk_pin
  Path Type:              Setup (Max at Slow Process Corner)
  Requirement:            10.000ns  (sys_clk_pin rise@10.000ns - sys_clk_pin rise@0.000ns)
  Data Path Delay:        5.785ns  (logic 1.710ns (29.558%)  route 4.075ns (70.442%))
  Logic Levels:           4  (LUT2=1 LUT6=3)
  Clock Path Skew:        -0.033ns (DCD - SCD + CPR)
    Destination Clock Delay (DCD):    4.764ns = ( 14.764 - 10.000 ) 
    Source Clock Delay      (SCD):    5.055ns
    Clock Pessimism Removal (CPR):    0.258ns
  Clock Uncertainty:      0.035ns  ((TSJ^2 + TIJ^2)^1/2 + DJ) / 2 + PE
    Total System Jitter     (TSJ):    0.071ns
    Total Input Jitter      (TIJ):    0.000ns
    Discrete Jitter          (DJ):    0.000ns
    Phase Error              (PE):    0.000ns

    Location             Delay type                Incr(ns)  Path(ns)    Netlist Resource(s)
  -------------------------------------------------------------------    -------------------
                         (clock sys_clk_pin rise edge)
                                                      0.000     0.000 r  
    W5                                                0.000     0.000 r  CLK100MHZ (IN)
                         net (fo=0)                   0.000     0.000    CLK100MHZ
    W5                   IBUF (Prop_ibuf_I_O)         1.458     1.458 r  CLK100MHZ_IBUF_inst/O
                         net (fo=1, routed)           1.967     3.425    CLK100MHZ_IBUF
    BUFGCTRL_X0Y0        BUFG (Prop_bufg_I_O)         0.096     3.521 r  CLK100MHZ_IBUF_BUFG_inst/O
                         net (fo=161, routed)         1.534     5.055    XLXI_7/dclk_in
    XADC_X0Y0            XADC                                         r  XLXI_7/inst/DCLK
  -------------------------------------------------------------------    -------------------
    XADC_X0Y0            XADC (Prop_xadc_DCLK_DO[7])
                                                      1.214     6.269 r  XLXI_7/inst/DO[7]
                         net (fo=2, routed)           1.279     7.547    data[7]
    SLICE_X28Y75         LUT6 (Prop_lut6_I1_O)        0.124     7.671 f  sseg_data[15]_i_7/O
                         net (fo=1, routed)           0.667     8.338    sseg_data[15]_i_7_n_0
    SLICE_X28Y75         LUT6 (Prop_lut6_I1_O)        0.124     8.462 r  sseg_data[15]_i_3/O
                         net (fo=4, routed)           0.519     8.982    sseg_data[15]_i_3_n_0
    SLICE_X15Y74         LUT6 (Prop_lut6_I2_O)        0.124     9.106 r  sseg_data[15]_i_2/O
                         net (fo=17, routed)          0.769     9.875    sseg_data[15]_i_2_n_0
    SLICE_X15Y71         LUT2 (Prop_lut2_I0_O)        0.124     9.999 r  sseg_data[15]_i_1/O
                         net (fo=15, routed)          0.841    10.840    sseg_data[15]_i_1_n_0
    SLICE_X12Y74         FDRE                                         r  sseg_data_reg[7]/R
  -------------------------------------------------------------------    -------------------

                         (clock sys_clk_pin rise edge)
                                                     10.000    10.000 r  
    W5                                                0.000    10.000 r  CLK100MHZ (IN)
                         net (fo=0)                   0.000    10.000    CLK100MHZ
    W5                   IBUF (Prop_ibuf_I_O)         1.388    11.388 r  CLK100MHZ_IBUF_inst/O
                         net (fo=1, routed)           1.862    13.250    CLK100MHZ_IBUF
    BUFGCTRL_X0Y0        BUFG (Prop_bufg_I_O)         0.091    13.341 r  CLK100MHZ_IBUF_BUFG_inst/O
                         net (fo=161, routed)         1.423    14.764    CLK100MHZ_IBUF_BUFG
    SLICE_X12Y74         FDRE                                         r  sseg_data_reg[7]/C
                         clock pessimism              0.258    15.022    
                         clock uncertainty           -0.035    14.987    
    SLICE_X12Y74         FDRE (Setup_fdre_C_R)       -0.524    14.463    sseg_data_reg[7]
  -------------------------------------------------------------------
                         required time                         14.463    
                         arrival time                         -10.840    
  -------------------------------------------------------------------
                         slack                                  3.622    

Slack (MET) :             3.674ns  (required time - arrival time)
  Source:                 b2d_din_reg[7]/C
                            (rising edge-triggered cell FDRE clocked by sys_clk_pin  {rise@0.000ns fall@5.000ns period=10.000ns})
  Destination:            m_b2d/data_reg[3]/D
                            (rising edge-triggered cell FDRE clocked by sys_clk_pin  {rise@0.000ns fall@5.000ns period=10.000ns})
  Path Group:             sys_clk_pin
  Path Type:              Setup (Max at Slow Process Corner)
  Requirement:            10.000ns  (sys_clk_pin rise@10.000ns - sys_clk_pin rise@0.000ns)
  Data Path Delay:        6.337ns  (logic 4.421ns (69.762%)  route 1.916ns (30.238%))
  Logic Levels:           2  (DSP48E1=1 LUT3=1)
  Clock Path Skew:        -0.034ns (DCD - SCD + CPR)
    Destination Clock Delay (DCD):    4.765ns = ( 14.765 - 10.000 ) 
    Source Clock Delay      (SCD):    5.057ns
    Clock Pessimism Removal (CPR):    0.258ns
  Clock Uncertainty:      0.035ns  ((TSJ^2 + TIJ^2)^1/2 + DJ) / 2 + PE
    Total System Jitter     (TSJ):    0.071ns
    Total Input Jitter      (TIJ):    0.000ns
    Discrete Jitter          (DJ):    0.000ns
    Phase Error              (PE):    0.000ns

    Location             Delay type                Incr(ns)  Path(ns)    Netlist Resource(s)
  -------------------------------------------------------------------    -------------------
                         (clock sys_clk_pin rise edge)
                                                      0.000     0.000 r  
    W5                                                0.000     0.000 r  CLK100MHZ (IN)
                         net (fo=0)                   0.000     0.000    CLK100MHZ
    W5                   IBUF (Prop_ibuf_I_O)         1.458     1.458 r  CLK100MHZ_IBUF_inst/O
                         net (fo=1, routed)           1.967     3.425    CLK100MHZ_IBUF
    BUFGCTRL_X0Y0        BUFG (Prop_bufg_I_O)         0.096     3.521 r  CLK100MHZ_IBUF_BUFG_inst/O
                         net (fo=161, routed)         1.536     5.057    CLK100MHZ_IBUF_BUFG
    SLICE_X28Y76         FDRE                                         r  b2d_din_reg[7]/C
  -------------------------------------------------------------------    -------------------
    SLICE_X28Y76         FDRE (Prop_fdre_C_Q)         0.456     5.513 r  b2d_din_reg[7]/Q
                         net (fo=1, routed)           0.932     6.444    m_b2d/din[7]
    DSP48_X0Y30          DSP48E1 (Prop_dsp48e1_A[7]_P[19])
                                                      3.841    10.285 r  m_b2d/data1/P[19]
                         net (fo=1, routed)           0.985    11.270    m_b2d/data1_n_86
    SLICE_X10Y75         LUT3 (Prop_lut3_I2_O)        0.124    11.394 r  m_b2d/data[3]_i_1/O
                         net (fo=1, routed)           0.000    11.394    m_b2d/data[3]_i_1_n_0
    SLICE_X10Y75         FDRE                                         r  m_b2d/data_reg[3]/D
  -------------------------------------------------------------------    -------------------

                         (clock sys_clk_pin rise edge)
                                                     10.000    10.000 r  
    W5                                                0.000    10.000 r  CLK100MHZ (IN)
                         net (fo=0)                   0.000    10.000    CLK100MHZ
    W5                   IBUF (Prop_ibuf_I_O)         1.388    11.388 r  CLK100MHZ_IBUF_inst/O
                         net (fo=1, routed)           1.862    13.250    CLK100MHZ_IBUF
    BUFGCTRL_X0Y0        BUFG (Prop_bufg_I_O)         0.091    13.341 r  CLK100MHZ_IBUF_BUFG_inst/O
                         net (fo=161, routed)         1.424    14.765    m_b2d/clk
    SLICE_X10Y75         FDRE                                         r  m_b2d/data_reg[3]/C
                         clock pessimism              0.258    15.023    
                         clock uncertainty           -0.035    14.988    
    SLICE_X10Y75         FDRE (Setup_fdre_C_D)        0.081    15.069    m_b2d/data_reg[3]
  -------------------------------------------------------------------
                         required time                         15.069    
                         arrival time                         -11.394    
  -------------------------------------------------------------------
                         slack                                  3.674    

Slack (MET) :             3.688ns  (required time - arrival time)
  Source:                 b2d_din_reg[7]/C
                            (rising edge-triggered cell FDRE clocked by sys_clk_pin  {rise@0.000ns fall@5.000ns period=10.000ns})
  Destination:            m_b2d/data_reg[5]/D
                            (rising edge-triggered cell FDRE clocked by sys_clk_pin  {rise@0.000ns fall@5.000ns period=10.000ns})
  Path Group:             sys_clk_pin
  Path Type:              Setup (Max at Slow Process Corner)
  Requirement:            10.000ns  (sys_clk_pin rise@10.000ns - sys_clk_pin rise@0.000ns)
  Data Path Delay:        6.361ns  (logic 4.449ns (69.943%)  route 1.912ns (30.057%))
  Logic Levels:           2  (DSP48E1=1 LUT3=1)
  Clock Path Skew:        -0.034ns (DCD - SCD + CPR)
    Destination Clock Delay (DCD):    4.765ns = ( 14.765 - 10.000 ) 
    Source Clock Delay      (SCD):    5.057ns
    Clock Pessimism Removal (CPR):    0.258ns
  Clock Uncertainty:      0.035ns  ((TSJ^2 + TIJ^2)^1/2 + DJ) / 2 + PE
    Total System Jitter     (TSJ):    0.071ns
    Total Input Jitter      (TIJ):    0.000ns
    Discrete Jitter          (DJ):    0.000ns
    Phase Error              (PE):    0.000ns

    Location             Delay type                Incr(ns)  Path(ns)    Netlist Resource(s)
  -------------------------------------------------------------------    -------------------
                         (clock sys_clk_pin rise edge)
                                                      0.000     0.000 r  
    W5                                                0.000     0.000 r  CLK100MHZ (IN)
                         net (fo=0)                   0.000     0.000    CLK100MHZ
    W5                   IBUF (Prop_ibuf_I_O)         1.458     1.458 r  CLK100MHZ_IBUF_inst/O
                         net (fo=1, routed)           1.967     3.425    CLK100MHZ_IBUF
    BUFGCTRL_X0Y0        BUFG (Prop_bufg_I_O)         0.096     3.521 r  CLK100MHZ_IBUF_BUFG_inst/O
                         net (fo=161, routed)         1.536     5.057    CLK100MHZ_IBUF_BUFG
    SLICE_X28Y76         FDRE                                         r  b2d_din_reg[7]/C
  -------------------------------------------------------------------    -------------------
    SLICE_X28Y76         FDRE (Prop_fdre_C_Q)         0.456     5.513 r  b2d_din_reg[7]/Q
                         net (fo=1, routed)           0.932     6.444    m_b2d/din[7]
    DSP48_X0Y30          DSP48E1 (Prop_dsp48e1_A[7]_P[21])
                                                      3.841    10.285 r  m_b2d/data1/P[21]
                         net (fo=1, routed)           0.980    11.266    m_b2d/data1_n_84
    SLICE_X10Y75         LUT3 (Prop_lut3_I2_O)        0.152    11.418 r  m_b2d/data[5]_i_1/O
                         net (fo=1, routed)           0.000    11.418    m_b2d/data[5]_i_1_n_0
    SLICE_X10Y75         FDRE                                         r  m_b2d/data_reg[5]/D
  -------------------------------------------------------------------    -------------------

                         (clock sys_clk_pin rise edge)
                                                     10.000    10.000 r  
    W5                                                0.000    10.000 r  CLK100MHZ (IN)
                         net (fo=0)                   0.000    10.000    CLK100MHZ
    W5                   IBUF (Prop_ibuf_I_O)         1.388    11.388 r  CLK100MHZ_IBUF_inst/O
                         net (fo=1, routed)           1.862    13.250    CLK100MHZ_IBUF
    BUFGCTRL_X0Y0        BUFG (Prop_bufg_I_O)         0.091    13.341 r  CLK100MHZ_IBUF_BUFG_inst/O
                         net (fo=161, routed)         1.424    14.765    m_b2d/clk
    SLICE_X10Y75         FDRE                                         r  m_b2d/data_reg[5]/C
                         clock pessimism              0.258    15.023    
                         clock uncertainty           -0.035    14.988    
    SLICE_X10Y75         FDRE (Setup_fdre_C_D)        0.118    15.106    m_b2d/data_reg[5]
  -------------------------------------------------------------------
                         required time                         15.106    
                         arrival time                         -11.418    
  -------------------------------------------------------------------
                         slack                                  3.688    





Min Delay Paths
--------------------------------------------------------------------------------------
Slack (MET) :             0.166ns  (arrival time - required time)
  Source:                 m_b2d/state_reg[1]/C
                            (rising edge-triggered cell FDRE clocked by sys_clk_pin  {rise@0.000ns fall@5.000ns period=10.000ns})
  Destination:            m_b2d/byte_count_reg[1]/D
                            (rising edge-triggered cell FDRE clocked by sys_clk_pin  {rise@0.000ns fall@5.000ns period=10.000ns})
  Path Group:             sys_clk_pin
  Path Type:              Hold (Min at Fast Process Corner)
  Requirement:            0.000ns  (sys_clk_pin rise@0.000ns - sys_clk_pin rise@0.000ns)
  Data Path Delay:        0.310ns  (logic 0.189ns (60.880%)  route 0.121ns (39.120%))
  Logic Levels:           1  (LUT3=1)
  Clock Path Skew:        0.013ns (DCD - SCD - CPR)
    Destination Clock Delay (DCD):    1.945ns
    Source Clock Delay      (SCD):    1.434ns
    Clock Pessimism Removal (CPR):    0.498ns

    Location             Delay type                Incr(ns)  Path(ns)    Netlist Resource(s)
  -------------------------------------------------------------------    -------------------
                         (clock sys_clk_pin rise edge)
                                                      0.000     0.000 r  
    W5                                                0.000     0.000 r  CLK100MHZ (IN)
                         net (fo=0)                   0.000     0.000    CLK100MHZ
    W5                   IBUF (Prop_ibuf_I_O)         0.226     0.226 r  CLK100MHZ_IBUF_inst/O
                         net (fo=1, routed)           0.631     0.858    CLK100MHZ_IBUF
    BUFGCTRL_X0Y0        BUFG (Prop_bufg_I_O)         0.026     0.884 r  CLK100MHZ_IBUF_BUFG_inst/O
                         net (fo=161, routed)         0.551     1.434    m_b2d/clk
    SLICE_X9Y74          FDRE                                         r  m_b2d/state_reg[1]/C
  -------------------------------------------------------------------    -------------------
    SLICE_X9Y74          FDRE (Prop_fdre_C_Q)         0.141     1.575 r  m_b2d/state_reg[1]/Q
                         net (fo=9, routed)           0.121     1.697    m_b2d/state[1]
    SLICE_X8Y74          LUT3 (Prop_lut3_I0_O)        0.048     1.745 r  m_b2d/byte_count[1]_i_2/O
                         net (fo=1, routed)           0.000     1.745    m_b2d/byte_count[1]_i_2_n_0
    SLICE_X8Y74          FDRE                                         r  m_b2d/byte_count_reg[1]/D
  -------------------------------------------------------------------    -------------------

                         (clock sys_clk_pin rise edge)
                                                      0.000     0.000 r  
    W5                                                0.000     0.000 r  CLK100MHZ (IN)
                         net (fo=0)                   0.000     0.000    CLK100MHZ
    W5                   IBUF (Prop_ibuf_I_O)         0.414     0.414 r  CLK100MHZ_IBUF_inst/O
                         net (fo=1, routed)           0.685     1.099    CLK100MHZ_IBUF
    BUFGCTRL_X0Y0        BUFG (Prop_bufg_I_O)         0.029     1.128 r  CLK100MHZ_IBUF_BUFG_inst/O
                         net (fo=161, routed)         0.817     1.945    m_b2d/clk
    SLICE_X8Y74          FDRE                                         r  m_b2d/byte_count_reg[1]/C
                         clock pessimism             -0.498     1.447    
    SLICE_X8Y74          FDRE (Hold_fdre_C_D)         0.131     1.578    m_b2d/byte_count_reg[1]
  -------------------------------------------------------------------
                         required time                         -1.578    
                         arrival time                           1.745    
  -------------------------------------------------------------------
                         slack                                  0.166    

Slack (MET) :             0.174ns  (arrival time - required time)
  Source:                 m_b2d/state_reg[1]/C
                            (rising edge-triggered cell FDRE clocked by sys_clk_pin  {rise@0.000ns fall@5.000ns period=10.000ns})
  Destination:            m_b2d/byte_count_reg[0]/D
                            (rising edge-triggered cell FDRE clocked by sys_clk_pin  {rise@0.000ns fall@5.000ns period=10.000ns})
  Path Group:             sys_clk_pin
  Path Type:              Hold (Min at Fast Process Corner)
  Requirement:            0.000ns  (sys_clk_pin rise@0.000ns - sys_clk_pin rise@0.000ns)
  Data Path Delay:        0.307ns  (logic 0.186ns (60.498%)  route 0.121ns (39.502%))
  Logic Levels:           1  (LUT2=1)
  Clock Path Skew:        0.013ns (DCD - SCD - CPR)
    Destination Clock Delay (DCD):    1.945ns
    Source Clock Delay      (SCD):    1.434ns
    Clock Pessimism Removal (CPR):    0.498ns

    Location             Delay type                Incr(ns)  Path(ns)    Netlist Resource(s)
  -------------------------------------------------------------------    -------------------
                         (clock sys_clk_pin rise edge)
                                                      0.000     0.000 r  
    W5                                                0.000     0.000 r  CLK100MHZ (IN)
                         net (fo=0)                   0.000     0.000    CLK100MHZ
    W5                   IBUF (Prop_ibuf_I_O)         0.226     0.226 r  CLK100MHZ_IBUF_inst/O
                         net (fo=1, routed)           0.631     0.858    CLK100MHZ_IBUF
    BUFGCTRL_X0Y0        BUFG (Prop_bufg_I_O)         0.026     0.884 r  CLK100MHZ_IBUF_BUFG_inst/O
                         net (fo=161, routed)         0.551     1.434    m_b2d/clk
    SLICE_X9Y74          FDRE                                         r  m_b2d/state_reg[1]/C
  -------------------------------------------------------------------    -------------------
    SLICE_X9Y74          FDRE (Prop_fdre_C_Q)         0.141     1.575 r  m_b2d/state_reg[1]/Q
                         net (fo=9, routed)           0.121     1.697    m_b2d/state[1]
    SLICE_X8Y74          LUT2 (Prop_lut2_I0_O)        0.045     1.742 r  m_b2d/byte_count[0]_i_1/O
                         net (fo=1, routed)           0.000     1.742    m_b2d/byte_count[0]_i_1_n_0
    SLICE_X8Y74          FDRE                                         r  m_b2d/byte_count_reg[0]/D
  -------------------------------------------------------------------    -------------------

                         (clock sys_clk_pin rise edge)
                                                      0.000     0.000 r  
    W5                                                0.000     0.000 r  CLK100MHZ (IN)
                         net (fo=0)                   0.000     0.000    CLK100MHZ
    W5                   IBUF (Prop_ibuf_I_O)         0.414     0.414 r  CLK100MHZ_IBUF_inst/O
                         net (fo=1, routed)           0.685     1.099    CLK100MHZ_IBUF
    BUFGCTRL_X0Y0        BUFG (Prop_bufg_I_O)         0.029     1.128 r  CLK100MHZ_IBUF_BUFG_inst/O
                         net (fo=161, routed)         0.817     1.945    m_b2d/clk
    SLICE_X8Y74          FDRE                                         r  m_b2d/byte_count_reg[0]/C
                         clock pessimism             -0.498     1.447    
    SLICE_X8Y74          FDRE (Hold_fdre_C_D)         0.120     1.567    m_b2d/byte_count_reg[0]
  -------------------------------------------------------------------
                         required time                         -1.567    
                         arrival time                           1.742    
  -------------------------------------------------------------------
                         slack                                  0.174    

Slack (MET) :             0.178ns  (arrival time - required time)
  Source:                 m_b2d/dout_reg[14]/C
                            (rising edge-triggered cell FDRE clocked by sys_clk_pin  {rise@0.000ns fall@5.000ns period=10.000ns})
  Destination:            m_b2d/dout_reg[10]/D
                            (rising edge-triggered cell FDRE clocked by sys_clk_pin  {rise@0.000ns fall@5.000ns period=10.000ns})
  Path Group:             sys_clk_pin
  Path Type:              Hold (Min at Fast Process Corner)
  Requirement:            0.000ns  (sys_clk_pin rise@0.000ns - sys_clk_pin rise@0.000ns)
  Data Path Delay:        0.263ns  (logic 0.141ns (53.584%)  route 0.122ns (46.416%))
  Logic Levels:           0  
  Clock Path Skew:        0.015ns (DCD - SCD - CPR)
    Destination Clock Delay (DCD):    1.948ns
    Source Clock Delay      (SCD):    1.435ns
    Clock Pessimism Removal (CPR):    0.498ns

    Location             Delay type                Incr(ns)  Path(ns)    Netlist Resource(s)
  -------------------------------------------------------------------    -------------------
                         (clock sys_clk_pin rise edge)
                                                      0.000     0.000 r  
    W5                                                0.000     0.000 r  CLK100MHZ (IN)
                         net (fo=0)                   0.000     0.000    CLK100MHZ
    W5                   IBUF (Prop_ibuf_I_O)         0.226     0.226 r  CLK100MHZ_IBUF_inst/O
                         net (fo=1, routed)           0.631     0.858    CLK100MHZ_IBUF
    BUFGCTRL_X0Y0        BUFG (Prop_bufg_I_O)         0.026     0.884 r  CLK100MHZ_IBUF_BUFG_inst/O
                         net (fo=161, routed)         0.552     1.435    m_b2d/clk
    SLICE_X15Y73         FDRE                                         r  m_b2d/dout_reg[14]/C
  -------------------------------------------------------------------    -------------------
    SLICE_X15Y73         FDRE (Prop_fdre_C_Q)         0.141     1.576 r  m_b2d/dout_reg[14]/Q
                         net (fo=2, routed)           0.122     1.698    m_b2d/dout[14]
    SLICE_X15Y72         FDRE                                         r  m_b2d/dout_reg[10]/D
  -------------------------------------------------------------------    -------------------

                         (clock sys_clk_pin rise edge)
                                                      0.000     0.000 r  
    W5                                                0.000     0.000 r  CLK100MHZ (IN)
                         net (fo=0)                   0.000     0.000    CLK100MHZ
    W5                   IBUF (Prop_ibuf_I_O)         0.414     0.414 r  CLK100MHZ_IBUF_inst/O
                         net (fo=1, routed)           0.685     1.099    CLK100MHZ_IBUF
    BUFGCTRL_X0Y0        BUFG (Prop_bufg_I_O)         0.029     1.128 r  CLK100MHZ_IBUF_BUFG_inst/O
                         net (fo=161, routed)         0.820     1.948    m_b2d/clk
    SLICE_X15Y72         FDRE                                         r  m_b2d/dout_reg[10]/C
                         clock pessimism             -0.498     1.450    
    SLICE_X15Y72         FDRE (Hold_fdre_C_D)         0.070     1.520    m_b2d/dout_reg[10]
  -------------------------------------------------------------------
                         required time                         -1.520    
                         arrival time                           1.698    
  -------------------------------------------------------------------
                         slack                                  0.178    

Slack (MET) :             0.182ns  (arrival time - required time)
  Source:                 m_b2d/dout_reg[1]/C
                            (rising edge-triggered cell FDRE clocked by sys_clk_pin  {rise@0.000ns fall@5.000ns period=10.000ns})
  Destination:            sseg_data_reg[1]/D
                            (rising edge-triggered cell FDRE clocked by sys_clk_pin  {rise@0.000ns fall@5.000ns period=10.000ns})
  Path Group:             sys_clk_pin
  Path Type:              Hold (Min at Fast Process Corner)
  Requirement:            0.000ns  (sys_clk_pin rise@0.000ns - sys_clk_pin rise@0.000ns)
  Data Path Delay:        0.266ns  (logic 0.164ns (61.653%)  route 0.102ns (38.347%))
  Logic Levels:           0  
  Clock Path Skew:        0.014ns (DCD - SCD - CPR)
    Destination Clock Delay (DCD):    1.949ns
    Source Clock Delay      (SCD):    1.437ns
    Clock Pessimism Removal (CPR):    0.498ns

    Location             Delay type                Incr(ns)  Path(ns)    Netlist Resource(s)
  -------------------------------------------------------------------    -------------------
                         (clock sys_clk_pin rise edge)
                                                      0.000     0.000 r  
    W5                                                0.000     0.000 r  CLK100MHZ (IN)
                         net (fo=0)                   0.000     0.000    CLK100MHZ
    W5                   IBUF (Prop_ibuf_I_O)         0.226     0.226 r  CLK100MHZ_IBUF_inst/O
                         net (fo=1, routed)           0.631     0.858    CLK100MHZ_IBUF
    BUFGCTRL_X0Y0        BUFG (Prop_bufg_I_O)         0.026     0.884 r  CLK100MHZ_IBUF_BUFG_inst/O
                         net (fo=161, routed)         0.554     1.437    m_b2d/clk
    SLICE_X12Y71         FDRE                                         r  m_b2d/dout_reg[1]/C
  -------------------------------------------------------------------    -------------------
    SLICE_X12Y71         FDRE (Prop_fdre_C_Q)         0.164     1.601 r  m_b2d/dout_reg[1]/Q
                         net (fo=1, routed)           0.102     1.703    b2d_dout[1]
    SLICE_X15Y71         FDRE                                         r  sseg_data_reg[1]/D
  -------------------------------------------------------------------    -------------------

                         (clock sys_clk_pin rise edge)
                                                      0.000     0.000 r  
    W5                                                0.000     0.000 r  CLK100MHZ (IN)
                         net (fo=0)                   0.000     0.000    CLK100MHZ
    W5                   IBUF (Prop_ibuf_I_O)         0.414     0.414 r  CLK100MHZ_IBUF_inst/O
                         net (fo=1, routed)           0.685     1.099    CLK100MHZ_IBUF
    BUFGCTRL_X0Y0        BUFG (Prop_bufg_I_O)         0.029     1.128 r  CLK100MHZ_IBUF_BUFG_inst/O
                         net (fo=161, routed)         0.822     1.949    CLK100MHZ_IBUF_BUFG
    SLICE_X15Y71         FDRE                                         r  sseg_data_reg[1]/C
                         clock pessimism             -0.498     1.451    
    SLICE_X15Y71         FDRE (Hold_fdre_C_D)         0.070     1.521    sseg_data_reg[1]
  -------------------------------------------------------------------
                         required time                         -1.521    
                         arrival time                           1.703    
  -------------------------------------------------------------------
                         slack                                  0.182    

Slack (MET) :             0.186ns  (arrival time - required time)
  Source:                 m_b2d/dout_reg[0]/C
                            (rising edge-triggered cell FDRE clocked by sys_clk_pin  {rise@0.000ns fall@5.000ns period=10.000ns})
  Destination:            sseg_data_reg[0]/D
                            (rising edge-triggered cell FDRE clocked by sys_clk_pin  {rise@0.000ns fall@5.000ns period=10.000ns})
  Path Group:             sys_clk_pin
  Path Type:              Hold (Min at Fast Process Corner)
  Requirement:            0.000ns  (sys_clk_pin rise@0.000ns - sys_clk_pin rise@0.000ns)
  Data Path Delay:        0.276ns  (logic 0.164ns (59.383%)  route 0.112ns (40.617%))
  Logic Levels:           0  
  Clock Path Skew:        0.015ns (DCD - SCD - CPR)
    Destination Clock Delay (DCD):    1.950ns
    Source Clock Delay      (SCD):    1.437ns
    Clock Pessimism Removal (CPR):    0.498ns

    Location             Delay type                Incr(ns)  Path(ns)    Netlist Resource(s)
  -------------------------------------------------------------------    -------------------
                         (clock sys_clk_pin rise edge)
                                                      0.000     0.000 r  
    W5                                                0.000     0.000 r  CLK100MHZ (IN)
                         net (fo=0)                   0.000     0.000    CLK100MHZ
    W5                   IBUF (Prop_ibuf_I_O)         0.226     0.226 r  CLK100MHZ_IBUF_inst/O
                         net (fo=1, routed)           0.631     0.858    CLK100MHZ_IBUF
    BUFGCTRL_X0Y0        BUFG (Prop_bufg_I_O)         0.026     0.884 r  CLK100MHZ_IBUF_BUFG_inst/O
                         net (fo=161, routed)         0.554     1.437    m_b2d/clk
    SLICE_X12Y71         FDRE                                         r  m_b2d/dout_reg[0]/C
  -------------------------------------------------------------------    -------------------
    SLICE_X12Y71         FDRE (Prop_fdre_C_Q)         0.164     1.601 r  m_b2d/dout_reg[0]/Q
                         net (fo=1, routed)           0.112     1.713    b2d_dout[0]
    SLICE_X12Y70         FDRE                                         r  sseg_data_reg[0]/D
  -------------------------------------------------------------------    -------------------

                         (clock sys_clk_pin rise edge)
                                                      0.000     0.000 r  
    W5                                                0.000     0.000 r  CLK100MHZ (IN)
                         net (fo=0)                   0.000     0.000    CLK100MHZ
    W5                   IBUF (Prop_ibuf_I_O)         0.414     0.414 r  CLK100MHZ_IBUF_inst/O
                         net (fo=1, routed)           0.685     1.099    CLK100MHZ_IBUF
    BUFGCTRL_X0Y0        BUFG (Prop_bufg_I_O)         0.029     1.128 r  CLK100MHZ_IBUF_BUFG_inst/O
                         net (fo=161, routed)         0.822     1.950    CLK100MHZ_IBUF_BUFG
    SLICE_X12Y70         FDRE                                         r  sseg_data_reg[0]/C
                         clock pessimism             -0.498     1.452    
    SLICE_X12Y70         FDRE (Hold_fdre_C_D)         0.075     1.527    sseg_data_reg[0]
  -------------------------------------------------------------------
                         required time                         -1.527    
                         arrival time                           1.713    
  -------------------------------------------------------------------
                         slack                                  0.186    

Slack (MET) :             0.207ns  (arrival time - required time)
  Source:                 m_b2d/dout_reg[5]/C
                            (rising edge-triggered cell FDRE clocked by sys_clk_pin  {rise@0.000ns fall@5.000ns period=10.000ns})
  Destination:            sseg_data_reg[5]/D
                            (rising edge-triggered cell FDRE clocked by sys_clk_pin  {rise@0.000ns fall@5.000ns period=10.000ns})
  Path Group:             sys_clk_pin
  Path Type:              Hold (Min at Fast Process Corner)
  Requirement:            0.000ns  (sys_clk_pin rise@0.000ns - sys_clk_pin rise@0.000ns)
  Data Path Delay:        0.285ns  (logic 0.164ns (57.563%)  route 0.121ns (42.436%))
  Logic Levels:           0  
  Clock Path Skew:        0.015ns (DCD - SCD - CPR)
    Destination Clock Delay (DCD):    1.950ns
    Source Clock Delay      (SCD):    1.437ns
    Clock Pessimism Removal (CPR):    0.498ns

    Location             Delay type                Incr(ns)  Path(ns)    Netlist Resource(s)
  -------------------------------------------------------------------    -------------------
                         (clock sys_clk_pin rise edge)
                                                      0.000     0.000 r  
    W5                                                0.000     0.000 r  CLK100MHZ (IN)
                         net (fo=0)                   0.000     0.000    CLK100MHZ
    W5                   IBUF (Prop_ibuf_I_O)         0.226     0.226 r  CLK100MHZ_IBUF_inst/O
                         net (fo=1, routed)           0.631     0.858    CLK100MHZ_IBUF
    BUFGCTRL_X0Y0        BUFG (Prop_bufg_I_O)         0.026     0.884 r  CLK100MHZ_IBUF_BUFG_inst/O
                         net (fo=161, routed)         0.554     1.437    m_b2d/clk
    SLICE_X12Y71         FDRE                                         r  m_b2d/dout_reg[5]/C
  -------------------------------------------------------------------    -------------------
    SLICE_X12Y71         FDRE (Prop_fdre_C_Q)         0.164     1.601 r  m_b2d/dout_reg[5]/Q
                         net (fo=2, routed)           0.121     1.722    b2d_dout[5]
    SLICE_X12Y70         FDRE                                         r  sseg_data_reg[5]/D
  -------------------------------------------------------------------    -------------------

                         (clock sys_clk_pin rise edge)
                                                      0.000     0.000 r  
    W5                                                0.000     0.000 r  CLK100MHZ (IN)
                         net (fo=0)                   0.000     0.000    CLK100MHZ
    W5                   IBUF (Prop_ibuf_I_O)         0.414     0.414 r  CLK100MHZ_IBUF_inst/O
                         net (fo=1, routed)           0.685     1.099    CLK100MHZ_IBUF
    BUFGCTRL_X0Y0        BUFG (Prop_bufg_I_O)         0.029     1.128 r  CLK100MHZ_IBUF_BUFG_inst/O
                         net (fo=161, routed)         0.822     1.950    CLK100MHZ_IBUF_BUFG
    SLICE_X12Y70         FDRE                                         r  sseg_data_reg[5]/C
                         clock pessimism             -0.498     1.452    
    SLICE_X12Y70         FDRE (Hold_fdre_C_D)         0.063     1.515    sseg_data_reg[5]
  -------------------------------------------------------------------
                         required time                         -1.515    
                         arrival time                           1.722    
  -------------------------------------------------------------------
                         slack                                  0.207    

Slack (MET) :             0.208ns  (arrival time - required time)
  Source:                 m_b2d/dout_reg[4]/C
                            (rising edge-triggered cell FDRE clocked by sys_clk_pin  {rise@0.000ns fall@5.000ns period=10.000ns})
  Destination:            sseg_data_reg[4]/D
                            (rising edge-triggered cell FDRE clocked by sys_clk_pin  {rise@0.000ns fall@5.000ns period=10.000ns})
  Path Group:             sys_clk_pin
  Path Type:              Hold (Min at Fast Process Corner)
  Requirement:            0.000ns  (sys_clk_pin rise@0.000ns - sys_clk_pin rise@0.000ns)
  Data Path Delay:        0.286ns  (logic 0.164ns (57.302%)  route 0.122ns (42.698%))
  Logic Levels:           0  
  Clock Path Skew:        0.015ns (DCD - SCD - CPR)
    Destination Clock Delay (DCD):    1.950ns
    Source Clock Delay      (SCD):    1.437ns
    Clock Pessimism Removal (CPR):    0.498ns

    Location             Delay type                Incr(ns)  Path(ns)    Netlist Resource(s)
  -------------------------------------------------------------------    -------------------
                         (clock sys_clk_pin rise edge)
                                                      0.000     0.000 r  
    W5                                                0.000     0.000 r  CLK100MHZ (IN)
                         net (fo=0)                   0.000     0.000    CLK100MHZ
    W5                   IBUF (Prop_ibuf_I_O)         0.226     0.226 r  CLK100MHZ_IBUF_inst/O
                         net (fo=1, routed)           0.631     0.858    CLK100MHZ_IBUF
    BUFGCTRL_X0Y0        BUFG (Prop_bufg_I_O)         0.026     0.884 r  CLK100MHZ_IBUF_BUFG_inst/O
                         net (fo=161, routed)         0.554     1.437    m_b2d/clk
    SLICE_X12Y71         FDRE                                         r  m_b2d/dout_reg[4]/C
  -------------------------------------------------------------------    -------------------
    SLICE_X12Y71         FDRE (Prop_fdre_C_Q)         0.164     1.601 r  m_b2d/dout_reg[4]/Q
                         net (fo=2, routed)           0.122     1.723    b2d_dout[4]
    SLICE_X12Y70         FDRE                                         r  sseg_data_reg[4]/D
  -------------------------------------------------------------------    -------------------

                         (clock sys_clk_pin rise edge)
                                                      0.000     0.000 r  
    W5                                                0.000     0.000 r  CLK100MHZ (IN)
                         net (fo=0)                   0.000     0.000    CLK100MHZ
    W5                   IBUF (Prop_ibuf_I_O)         0.414     0.414 r  CLK100MHZ_IBUF_inst/O
                         net (fo=1, routed)           0.685     1.099    CLK100MHZ_IBUF
    BUFGCTRL_X0Y0        BUFG (Prop_bufg_I_O)         0.029     1.128 r  CLK100MHZ_IBUF_BUFG_inst/O
                         net (fo=161, routed)         0.822     1.950    CLK100MHZ_IBUF_BUFG
    SLICE_X12Y70         FDRE                                         r  sseg_data_reg[4]/C
                         clock pessimism             -0.498     1.452    
    SLICE_X12Y70         FDRE (Hold_fdre_C_D)         0.063     1.515    sseg_data_reg[4]
  -------------------------------------------------------------------
                         required time                         -1.515    
                         arrival time                           1.723    
  -------------------------------------------------------------------
                         slack                                  0.208    

Slack (MET) :             0.210ns  (arrival time - required time)
  Source:                 m_b2d/byte_count_reg[0]/C
                            (rising edge-triggered cell FDRE clocked by sys_clk_pin  {rise@0.000ns fall@5.000ns period=10.000ns})
  Destination:            m_b2d/state_reg[0]/D
                            (rising edge-triggered cell FDRE clocked by sys_clk_pin  {rise@0.000ns fall@5.000ns period=10.000ns})
  Path Group:             sys_clk_pin
  Path Type:              Hold (Min at Fast Process Corner)
  Requirement:            0.000ns  (sys_clk_pin rise@0.000ns - sys_clk_pin rise@0.000ns)
  Data Path Delay:        0.315ns  (logic 0.209ns (66.277%)  route 0.106ns (33.723%))
  Logic Levels:           1  (LUT6=1)
  Clock Path Skew:        0.013ns (DCD - SCD - CPR)
    Destination Clock Delay (DCD):    1.945ns
    Source Clock Delay      (SCD):    1.434ns
    Clock Pessimism Removal (CPR):    0.498ns

    Location             Delay type                Incr(ns)  Path(ns)    Netlist Resource(s)
  -------------------------------------------------------------------    -------------------
                         (clock sys_clk_pin rise edge)
                                                      0.000     0.000 r  
    W5                                                0.000     0.000 r  CLK100MHZ (IN)
                         net (fo=0)                   0.000     0.000    CLK100MHZ
    W5                   IBUF (Prop_ibuf_I_O)         0.226     0.226 r  CLK100MHZ_IBUF_inst/O
                         net (fo=1, routed)           0.631     0.858    CLK100MHZ_IBUF
    BUFGCTRL_X0Y0        BUFG (Prop_bufg_I_O)         0.026     0.884 r  CLK100MHZ_IBUF_BUFG_inst/O
                         net (fo=161, routed)         0.551     1.434    m_b2d/clk
    SLICE_X8Y74          FDRE                                         r  m_b2d/byte_count_reg[0]/C
  -------------------------------------------------------------------    -------------------
    SLICE_X8Y74          FDRE (Prop_fdre_C_Q)         0.164     1.598 r  m_b2d/byte_count_reg[0]/Q
                         net (fo=4, routed)           0.106     1.705    m_b2d/byte_count_reg_n_0_[0]
    SLICE_X9Y74          LUT6 (Prop_lut6_I0_O)        0.045     1.750 r  m_b2d/state[0]_i_1/O
                         net (fo=1, routed)           0.000     1.750    m_b2d/state[0]_i_1_n_0
    SLICE_X9Y74          FDRE                                         r  m_b2d/state_reg[0]/D
  -------------------------------------------------------------------    -------------------

                         (clock sys_clk_pin rise edge)
                                                      0.000     0.000 r  
    W5                                                0.000     0.000 r  CLK100MHZ (IN)
                         net (fo=0)                   0.000     0.000    CLK100MHZ
    W5                   IBUF (Prop_ibuf_I_O)         0.414     0.414 r  CLK100MHZ_IBUF_inst/O
                         net (fo=1, routed)           0.685     1.099    CLK100MHZ_IBUF
    BUFGCTRL_X0Y0        BUFG (Prop_bufg_I_O)         0.029     1.128 r  CLK100MHZ_IBUF_BUFG_inst/O
                         net (fo=161, routed)         0.817     1.945    m_b2d/clk
    SLICE_X9Y74          FDRE                                         r  m_b2d/state_reg[0]/C
                         clock pessimism             -0.498     1.447    
    SLICE_X9Y74          FDRE (Hold_fdre_C_D)         0.092     1.539    m_b2d/state_reg[0]
  -------------------------------------------------------------------
                         required time                         -1.539    
                         arrival time                           1.750    
  -------------------------------------------------------------------
                         slack                                  0.210    

Slack (MET) :             0.210ns  (arrival time - required time)
  Source:                 m_b2d/byte_count_reg[0]/C
                            (rising edge-triggered cell FDRE clocked by sys_clk_pin  {rise@0.000ns fall@5.000ns period=10.000ns})
  Destination:            m_b2d/state_reg[1]/D
                            (rising edge-triggered cell FDRE clocked by sys_clk_pin  {rise@0.000ns fall@5.000ns period=10.000ns})
  Path Group:             sys_clk_pin
  Path Type:              Hold (Min at Fast Process Corner)
  Requirement:            0.000ns  (sys_clk_pin rise@0.000ns - sys_clk_pin rise@0.000ns)
  Data Path Delay:        0.314ns  (logic 0.209ns (66.488%)  route 0.105ns (33.512%))
  Logic Levels:           1  (LUT6=1)
  Clock Path Skew:        0.013ns (DCD - SCD - CPR)
    Destination Clock Delay (DCD):    1.945ns
    Source Clock Delay      (SCD):    1.434ns
    Clock Pessimism Removal (CPR):    0.498ns

    Location             Delay type                Incr(ns)  Path(ns)    Netlist Resource(s)
  -------------------------------------------------------------------    -------------------
                         (clock sys_clk_pin rise edge)
                                                      0.000     0.000 r  
    W5                                                0.000     0.000 r  CLK100MHZ (IN)
                         net (fo=0)                   0.000     0.000    CLK100MHZ
    W5                   IBUF (Prop_ibuf_I_O)         0.226     0.226 r  CLK100MHZ_IBUF_inst/O
                         net (fo=1, routed)           0.631     0.858    CLK100MHZ_IBUF
    BUFGCTRL_X0Y0        BUFG (Prop_bufg_I_O)         0.026     0.884 r  CLK100MHZ_IBUF_BUFG_inst/O
                         net (fo=161, routed)         0.551     1.434    m_b2d/clk
    SLICE_X8Y74          FDRE                                         r  m_b2d/byte_count_reg[0]/C
  -------------------------------------------------------------------    -------------------
    SLICE_X8Y74          FDRE (Prop_fdre_C_Q)         0.164     1.598 f  m_b2d/byte_count_reg[0]/Q
                         net (fo=4, routed)           0.105     1.704    m_b2d/byte_count_reg_n_0_[0]
    SLICE_X9Y74          LUT6 (Prop_lut6_I0_O)        0.045     1.749 r  m_b2d/state[1]_i_1/O
                         net (fo=1, routed)           0.000     1.749    m_b2d/state[1]_i_1_n_0
    SLICE_X9Y74          FDRE                                         r  m_b2d/state_reg[1]/D
  -------------------------------------------------------------------    -------------------

                         (clock sys_clk_pin rise edge)
                                                      0.000     0.000 r  
    W5                                                0.000     0.000 r  CLK100MHZ (IN)
                         net (fo=0)                   0.000     0.000    CLK100MHZ
    W5                   IBUF (Prop_ibuf_I_O)         0.414     0.414 r  CLK100MHZ_IBUF_inst/O
                         net (fo=1, routed)           0.685     1.099    CLK100MHZ_IBUF
    BUFGCTRL_X0Y0        BUFG (Prop_bufg_I_O)         0.029     1.128 r  CLK100MHZ_IBUF_BUFG_inst/O
                         net (fo=161, routed)         0.817     1.945    m_b2d/clk
    SLICE_X9Y74          FDRE                                         r  m_b2d/state_reg[1]/C
                         clock pessimism             -0.498     1.447    
    SLICE_X9Y74          FDRE (Hold_fdre_C_D)         0.091     1.538    m_b2d/state_reg[1]
  -------------------------------------------------------------------
                         required time                         -1.538    
                         arrival time                           1.749    
  -------------------------------------------------------------------
                         slack                                  0.210    

Slack (MET) :             0.215ns  (arrival time - required time)
  Source:                 m_b2d/dout_reg[5]/C
                            (rising edge-triggered cell FDRE clocked by sys_clk_pin  {rise@0.000ns fall@5.000ns period=10.000ns})
  Destination:            m_b2d/dout_reg[1]/D
                            (rising edge-triggered cell FDRE clocked by sys_clk_pin  {rise@0.000ns fall@5.000ns period=10.000ns})
  Path Group:             sys_clk_pin
  Path Type:              Hold (Min at Fast Process Corner)
  Requirement:            0.000ns  (sys_clk_pin rise@0.000ns - sys_clk_pin rise@0.000ns)
  Data Path Delay:        0.291ns  (logic 0.164ns (56.452%)  route 0.127ns (43.548%))
  Logic Levels:           0  
  Clock Path Skew:        0.000ns (DCD - SCD - CPR)
    Destination Clock Delay (DCD):    1.949ns
    Source Clock Delay      (SCD):    1.437ns
    Clock Pessimism Removal (CPR):    0.512ns

    Location             Delay type                Incr(ns)  Path(ns)    Netlist Resource(s)
  -------------------------------------------------------------------    -------------------
                         (clock sys_clk_pin rise edge)
                                                      0.000     0.000 r  
    W5                                                0.000     0.000 r  CLK100MHZ (IN)
                         net (fo=0)                   0.000     0.000    CLK100MHZ
    W5                   IBUF (Prop_ibuf_I_O)         0.226     0.226 r  CLK100MHZ_IBUF_inst/O
                         net (fo=1, routed)           0.631     0.858    CLK100MHZ_IBUF
    BUFGCTRL_X0Y0        BUFG (Prop_bufg_I_O)         0.026     0.884 r  CLK100MHZ_IBUF_BUFG_inst/O
                         net (fo=161, routed)         0.554     1.437    m_b2d/clk
    SLICE_X12Y71         FDRE                                         r  m_b2d/dout_reg[5]/C
  -------------------------------------------------------------------    -------------------
    SLICE_X12Y71         FDRE (Prop_fdre_C_Q)         0.164     1.601 r  m_b2d/dout_reg[5]/Q
                         net (fo=2, routed)           0.127     1.728    m_b2d/dout[5]
    SLICE_X12Y71         FDRE                                         r  m_b2d/dout_reg[1]/D
  -------------------------------------------------------------------    -------------------

                         (clock sys_clk_pin rise edge)
                                                      0.000     0.000 r  
    W5                                                0.000     0.000 r  CLK100MHZ (IN)
                         net (fo=0)                   0.000     0.000    CLK100MHZ
    W5                   IBUF (Prop_ibuf_I_O)         0.414     0.414 r  CLK100MHZ_IBUF_inst/O
                         net (fo=1, routed)           0.685     1.099    CLK100MHZ_IBUF
    BUFGCTRL_X0Y0        BUFG (Prop_bufg_I_O)         0.029     1.128 r  CLK100MHZ_IBUF_BUFG_inst/O
                         net (fo=161, routed)         0.822     1.949    m_b2d/clk
    SLICE_X12Y71         FDRE                                         r  m_b2d/dout_reg[1]/C
                         clock pessimism             -0.512     1.437    
    SLICE_X12Y71         FDRE (Hold_fdre_C_D)         0.076     1.513    m_b2d/dout_reg[1]
  -------------------------------------------------------------------
                         required time                         -1.513    
                         arrival time                           1.728    
  -------------------------------------------------------------------
                         slack                                  0.215    





Pulse Width Checks
--------------------------------------------------------------------------------------
Clock Name:         sys_clk_pin
Waveform(ns):       { 0.000 5.000 }
Period(ns):         10.000
Sources:            { CLK100MHZ }

Check Type        Corner  Lib Pin    Reference Pin  Required(ns)  Actual(ns)  Slack(ns)  Location       Pin
Min Period        n/a     XADC/DCLK  n/a            4.000         10.000      6.000      XADC_X0Y0      XLXI_7/inst/DCLK
Min Period        n/a     BUFG/I     n/a            2.155         10.000      7.845      BUFGCTRL_X0Y0  CLK100MHZ_IBUF_BUFG_inst/I
Min Period        n/a     FDRE/C     n/a            1.000         10.000      9.000      SLICE_X28Y74   Address_in_reg[0]/C
Min Period        n/a     FDRE/C     n/a            1.000         10.000      9.000      SLICE_X28Y74   Address_in_reg[3]/C
Min Period        n/a     FDRE/C     n/a            1.000         10.000      9.000      SLICE_X10Y75   m_b2d/data_reg[0]/C
Min Period        n/a     FDRE/C     n/a            1.000         10.000      9.000      SLICE_X10Y75   m_b2d/data_reg[1]/C
Min Period        n/a     FDRE/C     n/a            1.000         10.000      9.000      SLICE_X10Y76   m_b2d/data_reg[2]/C
Min Period        n/a     FDRE/C     n/a            1.000         10.000      9.000      SLICE_X10Y75   m_b2d/data_reg[3]/C
Min Period        n/a     FDRE/C     n/a            1.000         10.000      9.000      SLICE_X10Y75   m_b2d/data_reg[4]/C
Min Period        n/a     FDRE/C     n/a            1.000         10.000      9.000      SLICE_X10Y75   m_b2d/data_reg[5]/C
Low Pulse Width   Slow    FDRE/C     n/a            0.500         5.000       4.500      SLICE_X28Y69   led_reg[10]/C
Low Pulse Width   Slow    FDRE/C     n/a            0.500         5.000       4.500      SLICE_X28Y69   led_reg[11]/C
Low Pulse Width   Slow    FDRE/C     n/a            0.500         5.000       4.500      SLICE_X28Y69   led_reg[13]/C
Low Pulse Width   Slow    FDRE/C     n/a            0.500         5.000       4.500      SLICE_X28Y69   led_reg[9]/C
Low Pulse Width   Fast    FDRE/C     n/a            0.500         5.000       4.500      SLICE_X28Y74   Address_in_reg[0]/C
Low Pulse Width   Fast    FDRE/C     n/a            0.500         5.000       4.500      SLICE_X28Y74   Address_in_reg[3]/C
Low Pulse Width   Fast    FDRE/C     n/a            0.500         5.000       4.500      SLICE_X29Y75   b2d_din_reg[0]/C
Low Pulse Width   Fast    FDRE/C     n/a            0.500         5.000       4.500      SLICE_X29Y75   b2d_din_reg[15]/C
Low Pulse Width   Fast    FDRE/C     n/a            0.500         5.000       4.500      SLICE_X29Y75   b2d_din_reg[1]/C
Low Pulse Width   Fast    FDRE/C     n/a            0.500         5.000       4.500      SLICE_X28Y75   b2d_din_reg[2]/C
High Pulse Width  Slow    FDRE/C     n/a            0.500         5.000       4.500      SLICE_X28Y74   Address_in_reg[0]/C
High Pulse Width  Slow    FDRE/C     n/a            0.500         5.000       4.500      SLICE_X28Y74   Address_in_reg[3]/C
High Pulse Width  Slow    FDRE/C     n/a            0.500         5.000       4.500      SLICE_X10Y75   m_b2d/data_reg[0]/C
High Pulse Width  Slow    FDRE/C     n/a            0.500         5.000       4.500      SLICE_X10Y75   m_b2d/data_reg[1]/C
High Pulse Width  Slow    FDRE/C     n/a            0.500         5.000       4.500      SLICE_X10Y75   m_b2d/data_reg[3]/C
High Pulse Width  Slow    FDRE/C     n/a            0.500         5.000       4.500      SLICE_X10Y75   m_b2d/data_reg[4]/C
High Pulse Width  Slow    FDRE/C     n/a            0.500         5.000       4.500      SLICE_X10Y75   m_b2d/data_reg[5]/C
High Pulse Width  Slow    FDRE/C     n/a            0.500         5.000       4.500      SLICE_X10Y75   m_b2d/data_reg[7]/C
High Pulse Width  Slow    FDRE/C     n/a            0.500         5.000       4.500      SLICE_X29Y75   b2d_din_reg[0]/C
High Pulse Width  Slow    FDRE/C     n/a            0.500         5.000       4.500      SLICE_X29Y76   b2d_din_reg[10]/C



