
*** Running vivado
    with args -log Double_Digit_Counter.vds -m64 -product Vivado -mode batch -messageDb vivado.pb -notrace -source Double_Digit_Counter.tcl


****** Vivado v2018.2.1 (64-bit)
  **** SW Build 2288692 on Thu Jul 26 18:23:50 MDT 2018
  **** IP Build 2289599 on Thu Jul 26 21:09:20 MDT 2018
    ** Copyright 1986-2018 Xilinx, Inc. All Rights Reserved.

source Double_Digit_Counter.tcl -notrace
Command: synth_design -top Double_Digit_Counter -part xc7a35tcpg236-1
Starting synth_design
Attempting to get a license for feature 'Synthesis' and/or device 'xc7a35t'
INFO: [Common 17-349] Got license for feature 'Synthesis' and/or device 'xc7a35t'
INFO: Launching helper process for spawning children vivado processes
INFO: Helper process launched with PID 10157 
---------------------------------------------------------------------------------
Starting RTL Elaboration : Time (s): cpu = 00:00:02 ; elapsed = 00:00:02 . Memory (MB): peak = 1421.730 ; gain = 67.855 ; free physical = 2800 ; free virtual = 21103
---------------------------------------------------------------------------------
INFO: [Synth 8-6157] synthesizing module 'Double_Digit_Counter' [/home/exposedbuckle48/Documents/Semester_5/DSD/Project/Vivado_Project/Final_Project/Final_Project.srcs/sources_1/new/Double_Digit_Counter.v:23]
INFO: [Synth 8-6157] synthesizing module 'db_fsm' [/home/exposedbuckle48/Documents/Semester_5/DSD/Project/Vivado_Project/Final_Project/Final_Project.srcs/sources_1/new/db_fsm.v:28]
	Parameter zero bound to: 3'b000 
	Parameter wait1_1 bound to: 3'b001 
	Parameter wait1_2 bound to: 3'b010 
	Parameter wait1_3 bound to: 3'b011 
	Parameter one bound to: 3'b100 
	Parameter wait0_1 bound to: 3'b101 
	Parameter wait0_2 bound to: 3'b110 
	Parameter wait0_3 bound to: 3'b111 
	Parameter N bound to: 19 - type: integer 
INFO: [Synth 8-226] default block is never used [/home/exposedbuckle48/Documents/Semester_5/DSD/Project/Vivado_Project/Final_Project/Final_Project.srcs/sources_1/new/db_fsm.v:82]
INFO: [Synth 8-6155] done synthesizing module 'db_fsm' (1#1) [/home/exposedbuckle48/Documents/Semester_5/DSD/Project/Vivado_Project/Final_Project/Final_Project.srcs/sources_1/new/db_fsm.v:28]
INFO: [Synth 8-6155] done synthesizing module 'Double_Digit_Counter' (2#1) [/home/exposedbuckle48/Documents/Semester_5/DSD/Project/Vivado_Project/Final_Project/Final_Project.srcs/sources_1/new/Double_Digit_Counter.v:23]
---------------------------------------------------------------------------------
Finished RTL Elaboration : Time (s): cpu = 00:00:02 ; elapsed = 00:00:03 . Memory (MB): peak = 1467.355 ; gain = 113.480 ; free physical = 2811 ; free virtual = 21114
---------------------------------------------------------------------------------

Report Check Netlist: 
+------+------------------+-------+---------+-------+------------------+
|      |Item              |Errors |Warnings |Status |Description       |
+------+------------------+-------+---------+-------+------------------+
|1     |multi_driven_nets |      0|        0|Passed |Multi driven nets |
+------+------------------+-------+---------+-------+------------------+
---------------------------------------------------------------------------------
Start Handling Custom Attributes
---------------------------------------------------------------------------------
---------------------------------------------------------------------------------
Finished Handling Custom Attributes : Time (s): cpu = 00:00:03 ; elapsed = 00:00:03 . Memory (MB): peak = 1467.355 ; gain = 113.480 ; free physical = 2811 ; free virtual = 21113
---------------------------------------------------------------------------------
---------------------------------------------------------------------------------
Finished RTL Optimization Phase 1 : Time (s): cpu = 00:00:03 ; elapsed = 00:00:03 . Memory (MB): peak = 1467.355 ; gain = 113.480 ; free physical = 2811 ; free virtual = 21113
---------------------------------------------------------------------------------
INFO: [Device 21-403] Loading part xc7a35tcpg236-1
INFO: [Project 1-570] Preparing netlist for logic optimization

Processing XDC Constraints
Initializing timing engine
Parsing XDC File [/home/exposedbuckle48/Documents/Semester_5/DSD/Project/Vivado_Project/Basys3_Master.xdc]
Finished Parsing XDC File [/home/exposedbuckle48/Documents/Semester_5/DSD/Project/Vivado_Project/Basys3_Master.xdc]
INFO: [Project 1-236] Implementation specific constraints were found while reading constraint file [/home/exposedbuckle48/Documents/Semester_5/DSD/Project/Vivado_Project/Basys3_Master.xdc]. These constraints will be ignored for synthesis but will be used in implementation. Impacted constraints are listed in the file [.Xil/Double_Digit_Counter_propImpl.xdc].
Resolution: To avoid this warning, move constraints listed in [.Xil/Double_Digit_Counter_propImpl.xdc] to another XDC file and exclude this new file from synthesis with the used_in_synthesis property (File Properties dialog in GUI) and re-run elaboration/synthesis.
Completed Processing XDC Constraints

INFO: [Project 1-111] Unisim Transformation Summary:
No Unisim elements were transformed.

Constraint Validation Runtime : Time (s): cpu = 00:00:00 ; elapsed = 00:00:00 . Memory (MB): peak = 1779.207 ; gain = 0.000 ; free physical = 2546 ; free virtual = 20879
---------------------------------------------------------------------------------
Finished Constraint Validation : Time (s): cpu = 00:00:12 ; elapsed = 00:00:22 . Memory (MB): peak = 1779.207 ; gain = 425.332 ; free physical = 2584 ; free virtual = 20877
---------------------------------------------------------------------------------
---------------------------------------------------------------------------------
Start Loading Part and Timing Information
---------------------------------------------------------------------------------
Loading part: xc7a35tcpg236-1
---------------------------------------------------------------------------------
Finished Loading Part and Timing Information : Time (s): cpu = 00:00:12 ; elapsed = 00:00:22 . Memory (MB): peak = 1779.207 ; gain = 425.332 ; free physical = 2584 ; free virtual = 20877
---------------------------------------------------------------------------------
---------------------------------------------------------------------------------
Start Applying 'set_property' XDC Constraints
---------------------------------------------------------------------------------
---------------------------------------------------------------------------------
Finished applying 'set_property' XDC Constraints : Time (s): cpu = 00:00:12 ; elapsed = 00:00:22 . Memory (MB): peak = 1779.207 ; gain = 425.332 ; free physical = 2586 ; free virtual = 20879
---------------------------------------------------------------------------------
INFO: [Synth 8-802] inferred FSM for state register 'state_reg_reg' in module 'db_fsm'
INFO: [Synth 8-5544] ROM "db" won't be mapped to Block RAM because address size (3) smaller than threshold (5)
INFO: [Synth 8-5544] ROM "state_next" won't be mapped to Block RAM because address size (1) smaller than threshold (5)
INFO: [Synth 8-5544] ROM "state_next" won't be mapped to Block RAM because address size (1) smaller than threshold (5)
INFO: [Synth 8-5544] ROM "state_next" won't be mapped to Block RAM because address size (1) smaller than threshold (5)
INFO: [Synth 8-5544] ROM "state_next" won't be mapped to Block RAM because address size (1) smaller than threshold (5)
INFO: [Synth 8-5544] ROM "state_next" won't be mapped to Block RAM because address size (1) smaller than threshold (5)
INFO: [Synth 8-5544] ROM "BCD" won't be mapped to Block RAM because address size (4) smaller than threshold (5)
---------------------------------------------------------------------------------------------------
                   State |                     New Encoding |                Previous Encoding 
---------------------------------------------------------------------------------------------------
                    zero |                         00000001 |                              000
                 wait1_1 |                         00000010 |                              001
                 wait1_2 |                         00000100 |                              010
                 wait1_3 |                         00001000 |                              011
                     one |                         00010000 |                              100
                 wait0_1 |                         00100000 |                              101
                 wait0_2 |                         01000000 |                              110
                 wait0_3 |                         10000000 |                              111
---------------------------------------------------------------------------------------------------
INFO: [Synth 8-3354] encoded FSM with state register 'state_reg_reg' using encoding 'one-hot' in module 'db_fsm'
---------------------------------------------------------------------------------
Finished RTL Optimization Phase 2 : Time (s): cpu = 00:00:12 ; elapsed = 00:00:22 . Memory (MB): peak = 1779.207 ; gain = 425.332 ; free physical = 2576 ; free virtual = 20869
---------------------------------------------------------------------------------

Report RTL Partitions: 
+-+--------------+------------+----------+
| |RTL Partition |Replication |Instances |
+-+--------------+------------+----------+
+-+--------------+------------+----------+
---------------------------------------------------------------------------------
Start RTL Component Statistics 
---------------------------------------------------------------------------------
Detailed RTL Component Info : 
+---Adders : 
	   2 Input      4 Bit       Adders := 4     
+---Registers : 
	               16 Bit    Registers := 1     
	                4 Bit    Registers := 1     
+---Muxes : 
	   2 Input     16 Bit        Muxes := 14    
	   8 Input      8 Bit        Muxes := 1     
	   2 Input      8 Bit        Muxes := 7     
	   5 Input      4 Bit        Muxes := 1     
	   2 Input      1 Bit        Muxes := 2     
	   8 Input      1 Bit        Muxes := 2     
	   3 Input      1 Bit        Muxes := 1     
---------------------------------------------------------------------------------
Finished RTL Component Statistics 
---------------------------------------------------------------------------------
---------------------------------------------------------------------------------
Start RTL Hierarchical Component Statistics 
---------------------------------------------------------------------------------
Hierarchical RTL Component report 
Module Double_Digit_Counter 
Detailed RTL Component Info : 
+---Adders : 
	   2 Input      4 Bit       Adders := 4     
+---Registers : 
	               16 Bit    Registers := 1     
	                4 Bit    Registers := 1     
+---Muxes : 
	   2 Input     16 Bit        Muxes := 14    
	   5 Input      4 Bit        Muxes := 1     
	   3 Input      1 Bit        Muxes := 1     
Module db_fsm 
Detailed RTL Component Info : 
+---Muxes : 
	   8 Input      8 Bit        Muxes := 1     
	   2 Input      8 Bit        Muxes := 7     
	   2 Input      1 Bit        Muxes := 2     
	   8 Input      1 Bit        Muxes := 2     
---------------------------------------------------------------------------------
Finished RTL Hierarchical Component Statistics
---------------------------------------------------------------------------------
---------------------------------------------------------------------------------
Start Part Resource Summary
---------------------------------------------------------------------------------
Part Resources:
DSPs: 90 (col length:60)
BRAMs: 100 (col length: RAMB18 60 RAMB36 30)
---------------------------------------------------------------------------------
Finished Part Resource Summary
---------------------------------------------------------------------------------
---------------------------------------------------------------------------------
Start Cross Boundary and Area Optimization
---------------------------------------------------------------------------------
Warning: Parallel synthesis criteria is not met 
---------------------------------------------------------------------------------
Finished Cross Boundary and Area Optimization : Time (s): cpu = 00:00:13 ; elapsed = 00:00:23 . Memory (MB): peak = 1779.207 ; gain = 425.332 ; free physical = 2575 ; free virtual = 20859
---------------------------------------------------------------------------------

Report RTL Partitions: 
+-+--------------+------------+----------+
| |RTL Partition |Replication |Instances |
+-+--------------+------------+----------+
+-+--------------+------------+----------+
---------------------------------------------------------------------------------
Start Applying XDC Timing Constraints
---------------------------------------------------------------------------------
---------------------------------------------------------------------------------
Finished Applying XDC Timing Constraints : Time (s): cpu = 00:00:19 ; elapsed = 00:00:31 . Memory (MB): peak = 1779.207 ; gain = 425.332 ; free physical = 2452 ; free virtual = 20736
---------------------------------------------------------------------------------
---------------------------------------------------------------------------------
Start Timing Optimization
---------------------------------------------------------------------------------
---------------------------------------------------------------------------------
Finished Timing Optimization : Time (s): cpu = 00:00:19 ; elapsed = 00:00:31 . Memory (MB): peak = 1779.207 ; gain = 425.332 ; free physical = 2452 ; free virtual = 20736
---------------------------------------------------------------------------------

Report RTL Partitions: 
+-+--------------+------------+----------+
| |RTL Partition |Replication |Instances |
+-+--------------+------------+----------+
+-+--------------+------------+----------+
---------------------------------------------------------------------------------
Start Technology Mapping
---------------------------------------------------------------------------------
---------------------------------------------------------------------------------
Finished Technology Mapping : Time (s): cpu = 00:00:19 ; elapsed = 00:00:32 . Memory (MB): peak = 1787.215 ; gain = 433.340 ; free physical = 2457 ; free virtual = 20741
---------------------------------------------------------------------------------

Report RTL Partitions: 
+-+--------------+------------+----------+
| |RTL Partition |Replication |Instances |
+-+--------------+------------+----------+
+-+--------------+------------+----------+
---------------------------------------------------------------------------------
Start IO Insertion
---------------------------------------------------------------------------------
---------------------------------------------------------------------------------
Start Flattening Before IO Insertion
---------------------------------------------------------------------------------
---------------------------------------------------------------------------------
Finished Flattening Before IO Insertion
---------------------------------------------------------------------------------
---------------------------------------------------------------------------------
Start Final Netlist Cleanup
---------------------------------------------------------------------------------
---------------------------------------------------------------------------------
Finished Final Netlist Cleanup
---------------------------------------------------------------------------------
---------------------------------------------------------------------------------
Finished IO Insertion : Time (s): cpu = 00:00:20 ; elapsed = 00:00:32 . Memory (MB): peak = 1787.215 ; gain = 433.340 ; free physical = 2456 ; free virtual = 20740
---------------------------------------------------------------------------------

Report Check Netlist: 
+------+------------------+-------+---------+-------+------------------+
|      |Item              |Errors |Warnings |Status |Description       |
+------+------------------+-------+---------+-------+------------------+
|1     |multi_driven_nets |      0|        0|Passed |Multi driven nets |
+------+------------------+-------+---------+-------+------------------+
---------------------------------------------------------------------------------
Start Renaming Generated Instances
---------------------------------------------------------------------------------
---------------------------------------------------------------------------------
Finished Renaming Generated Instances : Time (s): cpu = 00:00:20 ; elapsed = 00:00:32 . Memory (MB): peak = 1787.215 ; gain = 433.340 ; free physical = 2456 ; free virtual = 20740
---------------------------------------------------------------------------------

Report RTL Partitions: 
+-+--------------+------------+----------+
| |RTL Partition |Replication |Instances |
+-+--------------+------------+----------+
+-+--------------+------------+----------+
---------------------------------------------------------------------------------
Start Rebuilding User Hierarchy
---------------------------------------------------------------------------------
---------------------------------------------------------------------------------
Finished Rebuilding User Hierarchy : Time (s): cpu = 00:00:20 ; elapsed = 00:00:32 . Memory (MB): peak = 1787.215 ; gain = 433.340 ; free physical = 2456 ; free virtual = 20740
---------------------------------------------------------------------------------
---------------------------------------------------------------------------------
Start Renaming Generated Ports
---------------------------------------------------------------------------------
---------------------------------------------------------------------------------
Finished Renaming Generated Ports : Time (s): cpu = 00:00:20 ; elapsed = 00:00:32 . Memory (MB): peak = 1787.215 ; gain = 433.340 ; free physical = 2456 ; free virtual = 20740
---------------------------------------------------------------------------------
---------------------------------------------------------------------------------
Start Handling Custom Attributes
---------------------------------------------------------------------------------
---------------------------------------------------------------------------------
Finished Handling Custom Attributes : Time (s): cpu = 00:00:20 ; elapsed = 00:00:32 . Memory (MB): peak = 1787.215 ; gain = 433.340 ; free physical = 2456 ; free virtual = 20740
---------------------------------------------------------------------------------
---------------------------------------------------------------------------------
Start Renaming Generated Nets
---------------------------------------------------------------------------------
---------------------------------------------------------------------------------
Finished Renaming Generated Nets : Time (s): cpu = 00:00:20 ; elapsed = 00:00:32 . Memory (MB): peak = 1787.215 ; gain = 433.340 ; free physical = 2456 ; free virtual = 20740
---------------------------------------------------------------------------------
---------------------------------------------------------------------------------
Start Writing Synthesis Report
---------------------------------------------------------------------------------

Report BlackBoxes: 
+-+--------------+----------+
| |BlackBox name |Instances |
+-+--------------+----------+
+-+--------------+----------+

Report Cell Usage: 
+------+-------+------+
|      |Cell   |Count |
+------+-------+------+
|1     |BUFG   |     1|
|2     |CARRY4 |     8|
|3     |LUT1   |     5|
|4     |LUT2   |     5|
|5     |LUT3   |     8|
|6     |LUT4   |    22|
|7     |LUT5   |    13|
|8     |LUT6   |    11|
|9     |FDCE   |    36|
|10    |FDPE   |     4|
|11    |FDRE   |    19|
|12    |IBUF   |     3|
|13    |OBUF   |    12|
+------+-------+------+

Report Instance Areas: 
+------+---------+-------+------+
|      |Instance |Module |Cells |
+------+---------+-------+------+
|1     |top      |       |   147|
|2     |  U1     |db_fsm |    49|
+------+---------+-------+------+
---------------------------------------------------------------------------------
Finished Writing Synthesis Report : Time (s): cpu = 00:00:20 ; elapsed = 00:00:32 . Memory (MB): peak = 1787.215 ; gain = 433.340 ; free physical = 2456 ; free virtual = 20740
---------------------------------------------------------------------------------
Synthesis finished with 0 errors, 0 critical warnings and 0 warnings.
Synthesis Optimization Runtime : Time (s): cpu = 00:00:13 ; elapsed = 00:00:16 . Memory (MB): peak = 1787.215 ; gain = 121.488 ; free physical = 2511 ; free virtual = 20794
Synthesis Optimization Complete : Time (s): cpu = 00:00:20 ; elapsed = 00:00:32 . Memory (MB): peak = 1787.223 ; gain = 433.340 ; free physical = 2511 ; free virtual = 20794
INFO: [Project 1-571] Translating synthesized netlist
INFO: [Netlist 29-17] Analyzing 11 Unisim elements for replacement
INFO: [Netlist 29-28] Unisim Transformation completed in 0 CPU seconds
INFO: [Project 1-570] Preparing netlist for logic optimization
INFO: [Opt 31-138] Pushed 0 inverter(s) to 0 load pin(s).
INFO: [Project 1-111] Unisim Transformation Summary:
No Unisim elements were transformed.

INFO: [Common 17-83] Releasing license: Synthesis
26 Infos, 0 Warnings, 0 Critical Warnings and 0 Errors encountered.
synth_design completed successfully
synth_design: Time (s): cpu = 00:00:21 ; elapsed = 00:00:33 . Memory (MB): peak = 1787.223 ; gain = 433.492 ; free physical = 2510 ; free virtual = 20794
WARNING: [Constraints 18-5210] No constraint will be written out.
INFO: [Common 17-1381] The checkpoint '/home/exposedbuckle48/Documents/Semester_5/DSD/Project/Vivado_Project/Final_Project/Final_Project.runs/synth_1/Double_Digit_Counter.dcp' has been generated.
INFO: [runtcl-4] Executing : report_utilization -file Double_Digit_Counter_utilization_synth.rpt -pb Double_Digit_Counter_utilization_synth.pb
report_utilization: Time (s): cpu = 00:00:00.03 ; elapsed = 00:00:00.05 . Memory (MB): peak = 1811.227 ; gain = 0.000 ; free physical = 2508 ; free virtual = 20792
INFO: [Common 17-206] Exiting Vivado at Wed Nov 14 12:05:05 2018...
